{"/Users/williamsmodeste/Documents/DEV/ecoswitch-ihm/src/components/simulator/VehicleFormBlock.vue":{"path":"/Users/williamsmodeste/Documents/DEV/ecoswitch-ihm/src/components/simulator/VehicleFormBlock.vue","statementMap":{"0":{"start":{"line":5,"column":18},"end":{"line":212,"column":1}},"1":{"start":{"line":22,"column":19},"end":{"line":22,"column":21}},"2":{"start":{"line":36,"column":2},"end":{"line":36,"column":13}},"3":{"start":{"line":38,"column":14},"end":{"line":38,"column":21}},"4":{"start":{"line":40,"column":13},"end":{"line":40,"column":19}},"5":{"start":{"line":43,"column":15},"end":{"line":43,"column":22}},"6":{"start":{"line":44,"column":15},"end":{"line":44,"column":22}},"7":{"start":{"line":45,"column":17},"end":{"line":45,"column":24}},"8":{"start":{"line":46,"column":22},"end":{"line":46,"column":29}},"9":{"start":{"line":47,"column":22},"end":{"line":47,"column":29}},"10":{"start":{"line":48,"column":24},"end":{"line":48,"column":33}},"11":{"start":{"line":50,"column":24},"end":{"line":50,"column":34}},"12":{"start":{"line":51,"column":20},"end":{"line":51,"column":27}},"13":{"start":{"line":53,"column":24},"end":{"line":56,"column":2}},"14":{"start":{"line":54,"column":13},"end":{"line":54,"column":38}},"15":{"start":{"line":55,"column":16},"end":{"line":55,"column":55}},"16":{"start":{"line":58,"column":26},"end":{"line":67,"column":1}},"17":{"start":{"line":59,"column":16},"end":{"line":59,"column":55}},"18":{"start":{"line":60,"column":2},"end":{"line":63,"column":3}},"19":{"start":{"line":61,"column":4},"end":{"line":61,"column":26}},"20":{"start":{"line":62,"column":4},"end":{"line":62,"column":10}},"21":{"start":{"line":64,"column":2},"end":{"line":66,"column":16}},"22":{"start":{"line":65,"column":17},"end":{"line":65,"column":53}},"23":{"start":{"line":69,"column":32},"end":{"line":76,"column":1}},"24":{"start":{"line":70,"column":2},"end":{"line":75,"column":3}},"25":{"start":{"line":71,"column":21},"end":{"line":71,"column":31}},"26":{"start":{"line":72,"column":19},"end":{"line":72,"column":29}},"27":{"start":{"line":73,"column":19},"end":{"line":73,"column":29}},"28":{"start":{"line":74,"column":13},"end":{"line":74,"column":23}},"29":{"start":{"line":78,"column":34},"end":{"line":85,"column":1}},"30":{"start":{"line":79,"column":2},"end":{"line":84,"column":3}},"31":{"start":{"line":80,"column":21},"end":{"line":80,"column":31}},"32":{"start":{"line":81,"column":19},"end":{"line":81,"column":29}},"33":{"start":{"line":82,"column":19},"end":{"line":82,"column":29}},"34":{"start":{"line":83,"column":13},"end":{"line":83,"column":23}},"35":{"start":{"line":87,"column":25},"end":{"line":106,"column":1}},"36":{"start":{"line":89,"column":2},"end":{"line":89,"column":29}},"37":{"start":{"line":90,"column":2},"end":{"line":90,"column":37}},"38":{"start":{"line":91,"column":2},"end":{"line":91,"column":43}},"39":{"start":{"line":92,"column":2},"end":{"line":92,"column":68}},"40":{"start":{"line":92,"column":23},"end":{"line":92,"column":68}},"41":{"start":{"line":93,"column":2},"end":{"line":93,"column":86}},"42":{"start":{"line":94,"column":2},"end":{"line":94,"column":92}},"43":{"start":{"line":95,"column":2},"end":{"line":97,"column":3}},"44":{"start":{"line":96,"column":4},"end":{"line":96,"column":45}},"45":{"start":{"line":98,"column":2},"end":{"line":100,"column":3}},"46":{"start":{"line":99,"column":4},"end":{"line":99,"column":49}},"47":{"start":{"line":102,"column":2},"end":{"line":102,"column":24}},"48":{"start":{"line":103,"column":2},"end":{"line":103,"column":31}},"49":{"start":{"line":105,"column":2},"end":{"line":105,"column":44}},"50":{"start":{"line":108,"column":34},"end":{"line":112,"column":1}},"51":{"start":{"line":109,"column":2},"end":{"line":111,"column":9}},"52":{"start":{"line":110,"column":4},"end":{"line":110,"column":33}},"53":{"start":{"line":114,"column":20},"end":{"line":117,"column":1}},"54":{"start":{"line":115,"column":2},"end":{"line":115,"column":30}},"55":{"start":{"line":116,"column":2},"end":{"line":116,"column":21}},"56":{"start":{"line":119,"column":23},"end":{"line":127,"column":1}},"57":{"start":{"line":120,"column":2},"end":{"line":126,"column":3}},"58":{"start":{"line":121,"column":19},"end":{"line":121,"column":35}},"59":{"start":{"line":122,"column":19},"end":{"line":122,"column":34}},"60":{"start":{"line":123,"column":19},"end":{"line":123,"column":35}},"61":{"start":{"line":124,"column":21},"end":{"line":124,"column":40}},"62":{"start":{"line":125,"column":13},"end":{"line":125,"column":24}},"63":{"start":{"line":129,"column":23},"end":{"line":133,"column":1}},"64":{"start":{"line":130,"column":2},"end":{"line":132,"column":3}},"65":{"start":{"line":131,"column":4},"end":{"line":131,"column":62}},"66":{"start":{"line":136,"column":20},"end":{"line":145,"column":1}},"67":{"start":{"line":137,"column":2},"end":{"line":144,"column":3}},"68":{"start":{"line":138,"column":16},"end":{"line":138,"column":51}},"69":{"start":{"line":139,"column":4},"end":{"line":141,"column":5}},"70":{"start":{"line":140,"column":6},"end":{"line":140,"column":37}},"71":{"start":{"line":143,"column":4},"end":{"line":143,"column":59}},"72":{"start":{"line":147,"column":20},"end":{"line":163,"column":1}},"73":{"start":{"line":148,"column":2},"end":{"line":148,"column":19}},"74":{"start":{"line":149,"column":2},"end":{"line":149,"column":21}},"75":{"start":{"line":150,"column":2},"end":{"line":150,"column":26}},"76":{"start":{"line":151,"column":2},"end":{"line":151,"column":30}},"77":{"start":{"line":153,"column":2},"end":{"line":153,"column":34}},"78":{"start":{"line":153,"column":28},"end":{"line":153,"column":34}},"79":{"start":{"line":155,"column":2},"end":{"line":162,"column":3}},"80":{"start":{"line":156,"column":16},"end":{"line":156,"column":100}},"81":{"start":{"line":157,"column":4},"end":{"line":159,"column":5}},"82":{"start":{"line":158,"column":6},"end":{"line":158,"column":37}},"83":{"start":{"line":161,"column":4},"end":{"line":161,"column":59}},"84":{"start":{"line":165,"column":22},"end":{"line":179,"column":1}},"85":{"start":{"line":166,"column":2},"end":{"line":166,"column":21}},"86":{"start":{"line":167,"column":2},"end":{"line":167,"column":30}},"87":{"start":{"line":169,"column":2},"end":{"line":169,"column":58}},"88":{"start":{"line":169,"column":52},"end":{"line":169,"column":58}},"89":{"start":{"line":171,"column":2},"end":{"line":178,"column":3}},"90":{"start":{"line":172,"column":16},"end":{"line":172,"column":151}},"91":{"start":{"line":173,"column":4},"end":{"line":175,"column":5}},"92":{"start":{"line":174,"column":6},"end":{"line":174,"column":39}},"93":{"start":{"line":177,"column":4},"end":{"line":177,"column":60}},"94":{"start":{"line":181,"column":24},"end":{"line":201,"column":1}},"95":{"start":{"line":182,"column":2},"end":{"line":182,"column":36}},"96":{"start":{"line":182,"column":30},"end":{"line":182,"column":36}},"97":{"start":{"line":184,"column":12},"end":{"line":184,"column":33}},"98":{"start":{"line":185,"column":2},"end":{"line":185,"column":59}},"99":{"start":{"line":186,"column":2},"end":{"line":186,"column":37}},"100":{"start":{"line":187,"column":2},"end":{"line":187,"column":43}},"101":{"start":{"line":189,"column":2},"end":{"line":189,"column":68}},"102":{"start":{"line":189,"column":23},"end":{"line":189,"column":68}},"103":{"start":{"line":190,"column":2},"end":{"line":190,"column":86}},"104":{"start":{"line":191,"column":2},"end":{"line":191,"column":92}},"105":{"start":{"line":193,"column":2},"end":{"line":195,"column":3}},"106":{"start":{"line":194,"column":4},"end":{"line":194,"column":45}},"107":{"start":{"line":196,"column":2},"end":{"line":198,"column":3}},"108":{"start":{"line":197,"column":4},"end":{"line":197,"column":49}},"109":{"start":{"line":200,"column":2},"end":{"line":200,"column":44}},"110":{"start":{"line":203,"column":0},"end":{"line":205,"column":2}},"111":{"start":{"line":204,"column":2},"end":{"line":204,"column":15}},"112":{"start":{"line":207,"column":21},"end":{"line":207,"column":519}},"113":{"start":{"line":207,"column":422},"end":{"line":207,"column":441}},"114":{"start":{"line":207,"column":465},"end":{"line":207,"column":483}},"115":{"start":{"line":207,"column":502},"end":{"line":207,"column":515}},"116":{"start":{"line":208,"column":0},"end":{"line":208,"column":90}},"117":{"start":{"line":209,"column":0},"end":{"line":209,"column":19}},"118":{"start":{"line":215,"column":19},"end":{"line":215,"column":80}},"119":{"start":{"line":216,"column":19},"end":{"line":219,"column":1}},"120":{"start":{"line":220,"column":19},"end":{"line":223,"column":1}},"121":{"start":{"line":224,"column":19},"end":{"line":224,"column":74}},"122":{"start":{"line":225,"column":19},"end":{"line":225,"column":45}},"123":{"start":{"line":226,"column":19},"end":{"line":226,"column":47}},"124":{"start":{"line":227,"column":19},"end":{"line":227,"column":28}},"125":{"start":{"line":228,"column":19},"end":{"line":228,"column":47}},"126":{"start":{"line":229,"column":19},"end":{"line":229,"column":31}},"127":{"start":{"line":230,"column":20},"end":{"line":230,"column":29}},"128":{"start":{"line":231,"column":20},"end":{"line":231,"column":48}},"129":{"start":{"line":232,"column":20},"end":{"line":232,"column":32}},"130":{"start":{"line":233,"column":20},"end":{"line":233,"column":29}},"131":{"start":{"line":234,"column":20},"end":{"line":234,"column":52}},"132":{"start":{"line":235,"column":20},"end":{"line":235,"column":35}},"133":{"start":{"line":236,"column":20},"end":{"line":239,"column":1}},"134":{"start":{"line":240,"column":20},"end":{"line":240,"column":35}},"135":{"start":{"line":241,"column":20},"end":{"line":241,"column":48}},"136":{"start":{"line":242,"column":20},"end":{"line":242,"column":48}},"137":{"start":{"line":243,"column":20},"end":{"line":243,"column":48}},"138":{"start":{"line":244,"column":20},"end":{"line":244,"column":46}},"139":{"start":{"line":245,"column":20},"end":{"line":245,"column":43}},"140":{"start":{"line":246,"column":20},"end":{"line":246,"column":43}},"141":{"start":{"line":247,"column":20},"end":{"line":250,"column":1}},"142":{"start":{"line":251,"column":20},"end":{"line":251,"column":43}},"143":{"start":{"line":252,"column":20},"end":{"line":252,"column":43}},"144":{"start":{"line":253,"column":20},"end":{"line":253,"column":43}},"145":{"start":{"line":254,"column":20},"end":{"line":254,"column":43}},"146":{"start":{"line":255,"column":20},"end":{"line":255,"column":51}},"147":{"start":{"line":256,"column":20},"end":{"line":256,"column":43}},"148":{"start":{"line":257,"column":20},"end":{"line":257,"column":43}},"149":{"start":{"line":258,"column":20},"end":{"line":258,"column":48}},"150":{"start":{"line":259,"column":20},"end":{"line":262,"column":1}},"151":{"start":{"line":263,"column":20},"end":{"line":263,"column":80}},"152":{"start":{"line":264,"column":20},"end":{"line":264,"column":56}},"153":{"start":{"line":267,"column":2},"end":{"line":553,"column":5}},"154":{"start":{"line":283,"column":72},"end":{"line":283,"column":103}},"155":{"start":{"line":289,"column":14},"end":{"line":292,"column":71}},"156":{"start":{"line":300,"column":72},"end":{"line":300,"column":103}},"157":{"start":{"line":307,"column":14},"end":{"line":310,"column":72}},"158":{"start":{"line":318,"column":72},"end":{"line":318,"column":105}},"159":{"start":{"line":325,"column":14},"end":{"line":328,"column":80}},"160":{"start":{"line":340,"column":68},"end":{"line":340,"column":98}},"161":{"start":{"line":354,"column":14},"end":{"line":364,"column":62}},"162":{"start":{"line":357,"column":40},"end":{"line":357,"column":66}},"163":{"start":{"line":374,"column":70},"end":{"line":374,"column":104}},"164":{"start":{"line":385,"column":70},"end":{"line":385,"column":107}},"165":{"start":{"line":406,"column":74},"end":{"line":406,"column":113}},"166":{"start":{"line":422,"column":74},"end":{"line":422,"column":115}},"167":{"start":{"line":440,"column":78},"end":{"line":440,"column":115}},"168":{"start":{"line":454,"column":78},"end":{"line":454,"column":117}},"169":{"start":{"line":475,"column":80},"end":{"line":475,"column":117}},"170":{"start":{"line":491,"column":80},"end":{"line":491,"column":119}},"171":{"start":{"line":512,"column":78},"end":{"line":512,"column":117}},"172":{"start":{"line":537,"column":74},"end":{"line":537,"column":107}},"173":{"start":{"line":558,"column":0},"end":{"line":558,"column":30}},"174":{"start":{"line":559,"column":0},"end":{"line":559,"column":108}},"175":{"start":{"line":560,"column":0},"end":{"line":562,"column":2}},"176":{"start":{"line":561,"column":2},"end":{"line":561,"column":41}},"177":{"start":{"line":563,"column":0},"end":{"line":571,"column":2}},"178":{"start":{"line":564,"column":2},"end":{"line":564,"column":18}},"179":{"start":{"line":564,"column":12},"end":{"line":564,"column":18}},"180":{"start":{"line":565,"column":47},"end":{"line":565,"column":50}},"181":{"start":{"line":566,"column":2},"end":{"line":570,"column":3}},"182":{"start":{"line":567,"column":4},"end":{"line":567,"column":65}},"183":{"start":{"line":569,"column":4},"end":{"line":569,"column":56}}},"fnMap":{"0":{"name":"(anonymous_0)","decl":{"start":{"line":22,"column":13},"end":{"line":22,"column":14}},"loc":{"start":{"line":22,"column":19},"end":{"line":22,"column":21}},"line":22},"1":{"name":"(anonymous_1)","decl":{"start":{"line":35,"column":2},"end":{"line":35,"column":3}},"loc":{"start":{"line":35,"column":53},"end":{"line":210,"column":1}},"line":35},"2":{"name":"(anonymous_2)","decl":{"start":{"line":54,"column":7},"end":{"line":54,"column":8}},"loc":{"start":{"line":54,"column":13},"end":{"line":54,"column":38}},"line":54},"3":{"name":"(anonymous_3)","decl":{"start":{"line":55,"column":7},"end":{"line":55,"column":8}},"loc":{"start":{"line":55,"column":16},"end":{"line":55,"column":55}},"line":55},"4":{"name":"(anonymous_4)","decl":{"start":{"line":58,"column":26},"end":{"line":58,"column":27}},"loc":{"start":{"line":58,"column":32},"end":{"line":67,"column":1}},"line":58},"5":{"name":"(anonymous_5)","decl":{"start":{"line":65,"column":12},"end":{"line":65,"column":13}},"loc":{"start":{"line":65,"column":17},"end":{"line":65,"column":53}},"line":65},"6":{"name":"(anonymous_6)","decl":{"start":{"line":69,"column":32},"end":{"line":69,"column":33}},"loc":{"start":{"line":69,"column":46},"end":{"line":76,"column":1}},"line":69},"7":{"name":"(anonymous_7)","decl":{"start":{"line":78,"column":34},"end":{"line":78,"column":35}},"loc":{"start":{"line":78,"column":48},"end":{"line":85,"column":1}},"line":78},"8":{"name":"(anonymous_8)","decl":{"start":{"line":87,"column":25},"end":{"line":87,"column":26}},"loc":{"start":{"line":87,"column":32},"end":{"line":106,"column":1}},"line":87},"9":{"name":"(anonymous_9)","decl":{"start":{"line":108,"column":34},"end":{"line":108,"column":35}},"loc":{"start":{"line":108,"column":40},"end":{"line":112,"column":1}},"line":108},"10":{"name":"(anonymous_10)","decl":{"start":{"line":109,"column":13},"end":{"line":109,"column":14}},"loc":{"start":{"line":109,"column":19},"end":{"line":111,"column":3}},"line":109},"11":{"name":"(anonymous_11)","decl":{"start":{"line":114,"column":20},"end":{"line":114,"column":21}},"loc":{"start":{"line":114,"column":26},"end":{"line":117,"column":1}},"line":114},"12":{"name":"(anonymous_12)","decl":{"start":{"line":119,"column":23},"end":{"line":119,"column":24}},"loc":{"start":{"line":119,"column":33},"end":{"line":127,"column":1}},"line":119},"13":{"name":"(anonymous_13)","decl":{"start":{"line":129,"column":23},"end":{"line":129,"column":24}},"loc":{"start":{"line":129,"column":29},"end":{"line":133,"column":1}},"line":129},"14":{"name":"(anonymous_14)","decl":{"start":{"line":136,"column":20},"end":{"line":136,"column":21}},"loc":{"start":{"line":136,"column":32},"end":{"line":145,"column":1}},"line":136},"15":{"name":"(anonymous_15)","decl":{"start":{"line":147,"column":20},"end":{"line":147,"column":21}},"loc":{"start":{"line":147,"column":32},"end":{"line":163,"column":1}},"line":147},"16":{"name":"(anonymous_16)","decl":{"start":{"line":165,"column":22},"end":{"line":165,"column":23}},"loc":{"start":{"line":165,"column":34},"end":{"line":179,"column":1}},"line":165},"17":{"name":"(anonymous_17)","decl":{"start":{"line":181,"column":24},"end":{"line":181,"column":25}},"loc":{"start":{"line":181,"column":30},"end":{"line":201,"column":1}},"line":181},"18":{"name":"(anonymous_18)","decl":{"start":{"line":203,"column":10},"end":{"line":203,"column":11}},"loc":{"start":{"line":203,"column":16},"end":{"line":205,"column":1}},"line":203},"19":{"name":"(anonymous_19)","decl":{"start":{"line":207,"column":401},"end":{"line":207,"column":402}},"loc":{"start":{"line":207,"column":420},"end":{"line":207,"column":443}},"line":207},"20":{"name":"(anonymous_20)","decl":{"start":{"line":207,"column":445},"end":{"line":207,"column":446}},"loc":{"start":{"line":207,"column":463},"end":{"line":207,"column":485}},"line":207},"21":{"name":"(anonymous_21)","decl":{"start":{"line":207,"column":487},"end":{"line":207,"column":488}},"loc":{"start":{"line":207,"column":500},"end":{"line":207,"column":517}},"line":207},"22":{"name":"_sfc_render","decl":{"start":{"line":266,"column":9},"end":{"line":266,"column":20}},"loc":{"start":{"line":266,"column":68},"end":{"line":554,"column":1}},"line":266},"23":{"name":"(anonymous_23)","decl":{"start":{"line":283,"column":61},"end":{"line":283,"column":62}},"loc":{"start":{"line":283,"column":72},"end":{"line":283,"column":103}},"line":283},"24":{"name":"(anonymous_24)","decl":{"start":{"line":288,"column":95},"end":{"line":288,"column":96}},"loc":{"start":{"line":288,"column":102},"end":{"line":293,"column":13}},"line":288},"25":{"name":"(anonymous_25)","decl":{"start":{"line":300,"column":61},"end":{"line":300,"column":62}},"loc":{"start":{"line":300,"column":72},"end":{"line":300,"column":103}},"line":300},"26":{"name":"(anonymous_26)","decl":{"start":{"line":306,"column":95},"end":{"line":306,"column":96}},"loc":{"start":{"line":306,"column":102},"end":{"line":311,"column":13}},"line":306},"27":{"name":"(anonymous_27)","decl":{"start":{"line":318,"column":61},"end":{"line":318,"column":62}},"loc":{"start":{"line":318,"column":72},"end":{"line":318,"column":105}},"line":318},"28":{"name":"(anonymous_28)","decl":{"start":{"line":324,"column":97},"end":{"line":324,"column":98}},"loc":{"start":{"line":324,"column":104},"end":{"line":329,"column":13}},"line":324},"29":{"name":"(anonymous_29)","decl":{"start":{"line":340,"column":57},"end":{"line":340,"column":58}},"loc":{"start":{"line":340,"column":68},"end":{"line":340,"column":98}},"line":340},"30":{"name":"(anonymous_30)","decl":{"start":{"line":353,"column":100},"end":{"line":353,"column":101}},"loc":{"start":{"line":353,"column":107},"end":{"line":365,"column":13}},"line":353},"31":{"name":"(anonymous_31)","decl":{"start":{"line":357,"column":29},"end":{"line":357,"column":30}},"loc":{"start":{"line":357,"column":40},"end":{"line":357,"column":66}},"line":357},"32":{"name":"(anonymous_32)","decl":{"start":{"line":374,"column":59},"end":{"line":374,"column":60}},"loc":{"start":{"line":374,"column":70},"end":{"line":374,"column":104}},"line":374},"33":{"name":"(anonymous_33)","decl":{"start":{"line":385,"column":59},"end":{"line":385,"column":60}},"loc":{"start":{"line":385,"column":70},"end":{"line":385,"column":107}},"line":385},"34":{"name":"(anonymous_34)","decl":{"start":{"line":406,"column":63},"end":{"line":406,"column":64}},"loc":{"start":{"line":406,"column":74},"end":{"line":406,"column":113}},"line":406},"35":{"name":"(anonymous_35)","decl":{"start":{"line":422,"column":63},"end":{"line":422,"column":64}},"loc":{"start":{"line":422,"column":74},"end":{"line":422,"column":115}},"line":422},"36":{"name":"(anonymous_36)","decl":{"start":{"line":440,"column":67},"end":{"line":440,"column":68}},"loc":{"start":{"line":440,"column":78},"end":{"line":440,"column":115}},"line":440},"37":{"name":"(anonymous_37)","decl":{"start":{"line":454,"column":67},"end":{"line":454,"column":68}},"loc":{"start":{"line":454,"column":78},"end":{"line":454,"column":117}},"line":454},"38":{"name":"(anonymous_38)","decl":{"start":{"line":475,"column":69},"end":{"line":475,"column":70}},"loc":{"start":{"line":475,"column":80},"end":{"line":475,"column":117}},"line":475},"39":{"name":"(anonymous_39)","decl":{"start":{"line":491,"column":69},"end":{"line":491,"column":70}},"loc":{"start":{"line":491,"column":80},"end":{"line":491,"column":119}},"line":491},"40":{"name":"(anonymous_40)","decl":{"start":{"line":512,"column":67},"end":{"line":512,"column":68}},"loc":{"start":{"line":512,"column":78},"end":{"line":512,"column":117}},"line":512},"41":{"name":"(anonymous_41)","decl":{"start":{"line":537,"column":63},"end":{"line":537,"column":64}},"loc":{"start":{"line":537,"column":74},"end":{"line":537,"column":107}},"line":537},"42":{"name":"(anonymous_42)","decl":{"start":{"line":560,"column":35},"end":{"line":560,"column":36}},"loc":{"start":{"line":560,"column":49},"end":{"line":562,"column":1}},"line":560},"43":{"name":"(anonymous_43)","decl":{"start":{"line":563,"column":23},"end":{"line":563,"column":24}},"loc":{"start":{"line":563,"column":30},"end":{"line":571,"column":1}},"line":563}},"branchMap":{"0":{"loc":{"start":{"line":60,"column":2},"end":{"line":63,"column":3}},"type":"if","locations":[{"start":{"line":60,"column":2},"end":{"line":63,"column":3}},{"start":{},"end":{}}],"line":60},"1":{"loc":{"start":{"line":70,"column":2},"end":{"line":75,"column":3}},"type":"switch","locations":[{"start":{"line":71,"column":4},"end":{"line":71,"column":31}},{"start":{"line":72,"column":4},"end":{"line":72,"column":29}},{"start":{"line":73,"column":4},"end":{"line":73,"column":29}},{"start":{"line":74,"column":4},"end":{"line":74,"column":23}}],"line":70},"2":{"loc":{"start":{"line":79,"column":2},"end":{"line":84,"column":3}},"type":"switch","locations":[{"start":{"line":80,"column":4},"end":{"line":80,"column":31}},{"start":{"line":81,"column":4},"end":{"line":81,"column":29}},{"start":{"line":82,"column":4},"end":{"line":82,"column":29}},{"start":{"line":83,"column":4},"end":{"line":83,"column":23}}],"line":79},"3":{"loc":{"start":{"line":92,"column":2},"end":{"line":92,"column":68}},"type":"if","locations":[{"start":{"line":92,"column":2},"end":{"line":92,"column":68}},{"start":{},"end":{}}],"line":92},"4":{"loc":{"start":{"line":93,"column":32},"end":{"line":93,"column":86}},"type":"binary-expr","locations":[{"start":{"line":93,"column":32},"end":{"line":93,"column":47}},{"start":{"line":93,"column":51},"end":{"line":93,"column":86}}],"line":93},"5":{"loc":{"start":{"line":94,"column":34},"end":{"line":94,"column":92}},"type":"binary-expr","locations":[{"start":{"line":94,"column":34},"end":{"line":94,"column":51}},{"start":{"line":94,"column":55},"end":{"line":94,"column":92}}],"line":94},"6":{"loc":{"start":{"line":95,"column":2},"end":{"line":97,"column":3}},"type":"if","locations":[{"start":{"line":95,"column":2},"end":{"line":97,"column":3}},{"start":{},"end":{}}],"line":95},"7":{"loc":{"start":{"line":95,"column":6},"end":{"line":95,"column":61}},"type":"binary-expr","locations":[{"start":{"line":95,"column":6},"end":{"line":95,"column":30}},{"start":{"line":95,"column":34},"end":{"line":95,"column":61}}],"line":95},"8":{"loc":{"start":{"line":98,"column":2},"end":{"line":100,"column":3}},"type":"if","locations":[{"start":{"line":98,"column":2},"end":{"line":100,"column":3}},{"start":{},"end":{}}],"line":98},"9":{"loc":{"start":{"line":98,"column":6},"end":{"line":98,"column":62}},"type":"binary-expr","locations":[{"start":{"line":98,"column":6},"end":{"line":98,"column":29}},{"start":{"line":98,"column":33},"end":{"line":98,"column":62}}],"line":98},"10":{"loc":{"start":{"line":120,"column":2},"end":{"line":126,"column":3}},"type":"switch","locations":[{"start":{"line":121,"column":4},"end":{"line":121,"column":35}},{"start":{"line":122,"column":4},"end":{"line":122,"column":34}},{"start":{"line":123,"column":4},"end":{"line":123,"column":35}},{"start":{"line":124,"column":4},"end":{"line":124,"column":40}},{"start":{"line":125,"column":4},"end":{"line":125,"column":24}}],"line":120},"11":{"loc":{"start":{"line":130,"column":2},"end":{"line":132,"column":3}},"type":"if","locations":[{"start":{"line":130,"column":2},"end":{"line":132,"column":3}},{"start":{},"end":{}}],"line":130},"12":{"loc":{"start":{"line":139,"column":4},"end":{"line":141,"column":5}},"type":"if","locations":[{"start":{"line":139,"column":4},"end":{"line":141,"column":5}},{"start":{},"end":{}}],"line":139},"13":{"loc":{"start":{"line":153,"column":2},"end":{"line":153,"column":34}},"type":"if","locations":[{"start":{"line":153,"column":2},"end":{"line":153,"column":34}},{"start":{},"end":{}}],"line":153},"14":{"loc":{"start":{"line":157,"column":4},"end":{"line":159,"column":5}},"type":"if","locations":[{"start":{"line":157,"column":4},"end":{"line":159,"column":5}},{"start":{},"end":{}}],"line":157},"15":{"loc":{"start":{"line":169,"column":2},"end":{"line":169,"column":58}},"type":"if","locations":[{"start":{"line":169,"column":2},"end":{"line":169,"column":58}},{"start":{},"end":{}}],"line":169},"16":{"loc":{"start":{"line":169,"column":6},"end":{"line":169,"column":50}},"type":"binary-expr","locations":[{"start":{"line":169,"column":6},"end":{"line":169,"column":26}},{"start":{"line":169,"column":30},"end":{"line":169,"column":50}}],"line":169},"17":{"loc":{"start":{"line":173,"column":4},"end":{"line":175,"column":5}},"type":"if","locations":[{"start":{"line":173,"column":4},"end":{"line":175,"column":5}},{"start":{},"end":{}}],"line":173},"18":{"loc":{"start":{"line":182,"column":2},"end":{"line":182,"column":36}},"type":"if","locations":[{"start":{"line":182,"column":2},"end":{"line":182,"column":36}},{"start":{},"end":{}}],"line":182},"19":{"loc":{"start":{"line":189,"column":2},"end":{"line":189,"column":68}},"type":"if","locations":[{"start":{"line":189,"column":2},"end":{"line":189,"column":68}},{"start":{},"end":{}}],"line":189},"20":{"loc":{"start":{"line":190,"column":32},"end":{"line":190,"column":86}},"type":"binary-expr","locations":[{"start":{"line":190,"column":32},"end":{"line":190,"column":47}},{"start":{"line":190,"column":51},"end":{"line":190,"column":86}}],"line":190},"21":{"loc":{"start":{"line":191,"column":34},"end":{"line":191,"column":92}},"type":"binary-expr","locations":[{"start":{"line":191,"column":34},"end":{"line":191,"column":51}},{"start":{"line":191,"column":55},"end":{"line":191,"column":92}}],"line":191},"22":{"loc":{"start":{"line":193,"column":2},"end":{"line":195,"column":3}},"type":"if","locations":[{"start":{"line":193,"column":2},"end":{"line":195,"column":3}},{"start":{},"end":{}}],"line":193},"23":{"loc":{"start":{"line":193,"column":6},"end":{"line":193,"column":61}},"type":"binary-expr","locations":[{"start":{"line":193,"column":6},"end":{"line":193,"column":30}},{"start":{"line":193,"column":34},"end":{"line":193,"column":61}}],"line":193},"24":{"loc":{"start":{"line":196,"column":2},"end":{"line":198,"column":3}},"type":"if","locations":[{"start":{"line":196,"column":2},"end":{"line":198,"column":3}},{"start":{},"end":{}}],"line":196},"25":{"loc":{"start":{"line":196,"column":6},"end":{"line":196,"column":62}},"type":"binary-expr","locations":[{"start":{"line":196,"column":6},"end":{"line":196,"column":29}},{"start":{"line":196,"column":33},"end":{"line":196,"column":62}}],"line":196},"26":{"loc":{"start":{"line":268,"column":4},"end":{"line":276,"column":14}},"type":"cond-expr","locations":[{"start":{"line":269,"column":9},"end":{"line":272,"column":13}},{"start":{"line":273,"column":9},"end":{"line":276,"column":13}}],"line":268},"27":{"loc":{"start":{"line":269,"column":66},"end":{"line":272,"column":10}},"type":"binary-expr","locations":[{"start":{"line":269,"column":66},"end":{"line":269,"column":76}},{"start":{"line":269,"column":81},"end":{"line":272,"column":9}}],"line":269},"28":{"loc":{"start":{"line":273,"column":66},"end":{"line":276,"column":10}},"type":"binary-expr","locations":[{"start":{"line":273,"column":66},"end":{"line":273,"column":76}},{"start":{"line":273,"column":81},"end":{"line":276,"column":9}}],"line":273},"29":{"loc":{"start":{"line":279,"column":6},"end":{"line":279,"column":213}},"type":"binary-expr","locations":[{"start":{"line":279,"column":6},"end":{"line":279,"column":16}},{"start":{"line":279,"column":21},"end":{"line":279,"column":212}}],"line":279},"30":{"loc":{"start":{"line":283,"column":35},"end":{"line":283,"column":105}},"type":"binary-expr","locations":[{"start":{"line":283,"column":35},"end":{"line":283,"column":44}},{"start":{"line":283,"column":49},"end":{"line":283,"column":104}}],"line":283},"31":{"loc":{"start":{"line":287,"column":12},"end":{"line":287,"column":112}},"type":"binary-expr","locations":[{"start":{"line":287,"column":12},"end":{"line":287,"column":22}},{"start":{"line":287,"column":27},"end":{"line":287,"column":111}}],"line":287},"32":{"loc":{"start":{"line":300,"column":35},"end":{"line":300,"column":105}},"type":"binary-expr","locations":[{"start":{"line":300,"column":35},"end":{"line":300,"column":44}},{"start":{"line":300,"column":49},"end":{"line":300,"column":104}}],"line":300},"33":{"loc":{"start":{"line":305,"column":12},"end":{"line":305,"column":112}},"type":"binary-expr","locations":[{"start":{"line":305,"column":12},"end":{"line":305,"column":22}},{"start":{"line":305,"column":27},"end":{"line":305,"column":111}}],"line":305},"34":{"loc":{"start":{"line":318,"column":35},"end":{"line":318,"column":107}},"type":"binary-expr","locations":[{"start":{"line":318,"column":35},"end":{"line":318,"column":44}},{"start":{"line":318,"column":49},"end":{"line":318,"column":106}}],"line":318},"35":{"loc":{"start":{"line":323,"column":12},"end":{"line":323,"column":115}},"type":"binary-expr","locations":[{"start":{"line":323,"column":12},"end":{"line":323,"column":22}},{"start":{"line":323,"column":27},"end":{"line":323,"column":114}}],"line":323},"36":{"loc":{"start":{"line":338,"column":6},"end":{"line":338,"column":122}},"type":"binary-expr","locations":[{"start":{"line":338,"column":6},"end":{"line":338,"column":16}},{"start":{"line":338,"column":21},"end":{"line":338,"column":121}}],"line":338},"37":{"loc":{"start":{"line":340,"column":31},"end":{"line":340,"column":100}},"type":"binary-expr","locations":[{"start":{"line":340,"column":31},"end":{"line":340,"column":40}},{"start":{"line":340,"column":45},"end":{"line":340,"column":99}}],"line":340},"38":{"loc":{"start":{"line":343,"column":21},"end":{"line":343,"column":88}},"type":"cond-expr","locations":[{"start":{"line":343,"column":49},"end":{"line":343,"column":66}},{"start":{"line":343,"column":69},"end":{"line":343,"column":88}}],"line":343},"39":{"loc":{"start":{"line":351,"column":6},"end":{"line":367,"column":43}},"type":"cond-expr","locations":[{"start":{"line":352,"column":11},"end":{"line":366,"column":12}},{"start":{"line":367,"column":10},"end":{"line":367,"column":43}}],"line":351},"40":{"loc":{"start":{"line":351,"column":7},"end":{"line":351,"column":62}},"type":"binary-expr","locations":[{"start":{"line":351,"column":7},"end":{"line":351,"column":29}},{"start":{"line":351,"column":33},"end":{"line":351,"column":62}}],"line":351},"41":{"loc":{"start":{"line":361,"column":178},"end":{"line":361,"column":217}},"type":"cond-expr","locations":[{"start":{"line":361,"column":206},"end":{"line":361,"column":211}},{"start":{"line":361,"column":214},"end":{"line":361,"column":217}}],"line":361},"42":{"loc":{"start":{"line":363,"column":16},"end":{"line":363,"column":140}},"type":"binary-expr","locations":[{"start":{"line":363,"column":16},"end":{"line":363,"column":26}},{"start":{"line":363,"column":31},"end":{"line":363,"column":139}}],"line":363},"43":{"loc":{"start":{"line":372,"column":8},"end":{"line":372,"column":125}},"type":"binary-expr","locations":[{"start":{"line":372,"column":8},"end":{"line":372,"column":18}},{"start":{"line":372,"column":23},"end":{"line":372,"column":124}}],"line":372},"44":{"loc":{"start":{"line":374,"column":33},"end":{"line":374,"column":106}},"type":"binary-expr","locations":[{"start":{"line":374,"column":33},"end":{"line":374,"column":42}},{"start":{"line":374,"column":47},"end":{"line":374,"column":105}}],"line":374},"45":{"loc":{"start":{"line":376,"column":16},"end":{"line":378,"column":10}},"type":"binary-expr","locations":[{"start":{"line":376,"column":16},"end":{"line":376,"column":26}},{"start":{"line":376,"column":31},"end":{"line":378,"column":9}}],"line":376},"46":{"loc":{"start":{"line":383,"column":8},"end":{"line":383,"column":140}},"type":"binary-expr","locations":[{"start":{"line":383,"column":8},"end":{"line":383,"column":18}},{"start":{"line":383,"column":23},"end":{"line":383,"column":139}}],"line":383},"47":{"loc":{"start":{"line":385,"column":33},"end":{"line":385,"column":109}},"type":"binary-expr","locations":[{"start":{"line":385,"column":33},"end":{"line":385,"column":42}},{"start":{"line":385,"column":47},"end":{"line":385,"column":108}}],"line":385},"48":{"loc":{"start":{"line":401,"column":4},"end":{"line":525,"column":60}},"type":"cond-expr","locations":[{"start":{"line":402,"column":9},"end":{"line":467,"column":10}},{"start":{"line":468,"column":8},"end":{"line":525,"column":60}}],"line":401},"49":{"loc":{"start":{"line":404,"column":12},"end":{"line":404,"column":131}},"type":"binary-expr","locations":[{"start":{"line":404,"column":12},"end":{"line":404,"column":22}},{"start":{"line":404,"column":27},"end":{"line":404,"column":130}}],"line":404},"50":{"loc":{"start":{"line":406,"column":37},"end":{"line":406,"column":115}},"type":"binary-expr","locations":[{"start":{"line":406,"column":37},"end":{"line":406,"column":46}},{"start":{"line":406,"column":51},"end":{"line":406,"column":114}}],"line":406},"51":{"loc":{"start":{"line":420,"column":12},"end":{"line":420,"column":131}},"type":"binary-expr","locations":[{"start":{"line":420,"column":12},"end":{"line":420,"column":22}},{"start":{"line":420,"column":27},"end":{"line":420,"column":130}}],"line":420},"52":{"loc":{"start":{"line":422,"column":37},"end":{"line":422,"column":117}},"type":"binary-expr","locations":[{"start":{"line":422,"column":37},"end":{"line":422,"column":46}},{"start":{"line":422,"column":51},"end":{"line":422,"column":116}}],"line":422},"53":{"loc":{"start":{"line":436,"column":71},"end":{"line":436,"column":142}},"type":"cond-expr","locations":[{"start":{"line":436,"column":99},"end":{"line":436,"column":121}},{"start":{"line":436,"column":124},"end":{"line":436,"column":142}}],"line":436},"54":{"loc":{"start":{"line":437,"column":12},"end":{"line":465,"column":18}},"type":"cond-expr","locations":[{"start":{"line":438,"column":16},"end":{"line":451,"column":18}},{"start":{"line":452,"column":16},"end":{"line":465,"column":18}}],"line":437},"55":{"loc":{"start":{"line":440,"column":41},"end":{"line":440,"column":117}},"type":"binary-expr","locations":[{"start":{"line":440,"column":41},"end":{"line":440,"column":50}},{"start":{"line":440,"column":55},"end":{"line":440,"column":116}}],"line":440},"56":{"loc":{"start":{"line":454,"column":41},"end":{"line":454,"column":119}},"type":"binary-expr","locations":[{"start":{"line":454,"column":41},"end":{"line":454,"column":50}},{"start":{"line":454,"column":55},"end":{"line":454,"column":118}}],"line":454},"57":{"loc":{"start":{"line":468,"column":8},"end":{"line":525,"column":60}},"type":"cond-expr","locations":[{"start":{"line":469,"column":11},"end":{"line":506,"column":59}},{"start":{"line":507,"column":11},"end":{"line":525,"column":59}}],"line":468},"58":{"loc":{"start":{"line":473,"column":16},"end":{"line":473,"column":139}},"type":"binary-expr","locations":[{"start":{"line":473,"column":16},"end":{"line":473,"column":26}},{"start":{"line":473,"column":31},"end":{"line":473,"column":138}}],"line":473},"59":{"loc":{"start":{"line":475,"column":41},"end":{"line":475,"column":119}},"type":"binary-expr","locations":[{"start":{"line":475,"column":41},"end":{"line":475,"column":51}},{"start":{"line":475,"column":56},"end":{"line":475,"column":118}}],"line":475},"60":{"loc":{"start":{"line":489,"column":16},"end":{"line":489,"column":145}},"type":"binary-expr","locations":[{"start":{"line":489,"column":16},"end":{"line":489,"column":26}},{"start":{"line":489,"column":31},"end":{"line":489,"column":144}}],"line":489},"61":{"loc":{"start":{"line":491,"column":41},"end":{"line":491,"column":121}},"type":"binary-expr","locations":[{"start":{"line":491,"column":41},"end":{"line":491,"column":51}},{"start":{"line":491,"column":56},"end":{"line":491,"column":120}}],"line":491},"62":{"loc":{"start":{"line":510,"column":14},"end":{"line":510,"column":133}},"type":"binary-expr","locations":[{"start":{"line":510,"column":14},"end":{"line":510,"column":24}},{"start":{"line":510,"column":29},"end":{"line":510,"column":132}}],"line":510},"63":{"loc":{"start":{"line":512,"column":39},"end":{"line":512,"column":119}},"type":"binary-expr","locations":[{"start":{"line":512,"column":39},"end":{"line":512,"column":49}},{"start":{"line":512,"column":54},"end":{"line":512,"column":118}}],"line":512},"64":{"loc":{"start":{"line":527,"column":4},"end":{"line":552,"column":41}},"type":"cond-expr","locations":[{"start":{"line":528,"column":9},"end":{"line":551,"column":10}},{"start":{"line":552,"column":8},"end":{"line":552,"column":41}}],"line":527},"65":{"loc":{"start":{"line":532,"column":14},"end":{"line":532,"column":115}},"type":"binary-expr","locations":[{"start":{"line":532,"column":14},"end":{"line":532,"column":24}},{"start":{"line":532,"column":29},"end":{"line":532,"column":114}}],"line":532},"66":{"loc":{"start":{"line":534,"column":12},"end":{"line":534,"column":147}},"type":"binary-expr","locations":[{"start":{"line":534,"column":12},"end":{"line":534,"column":22}},{"start":{"line":534,"column":27},"end":{"line":534,"column":146}}],"line":534},"67":{"loc":{"start":{"line":537,"column":35},"end":{"line":537,"column":109}},"type":"binary-expr","locations":[{"start":{"line":537,"column":35},"end":{"line":537,"column":45}},{"start":{"line":537,"column":50},"end":{"line":537,"column":108}}],"line":537},"68":{"loc":{"start":{"line":550,"column":10},"end":{"line":550,"column":219}},"type":"binary-expr","locations":[{"start":{"line":550,"column":10},"end":{"line":550,"column":20}},{"start":{"line":550,"column":25},"end":{"line":550,"column":218}}],"line":550},"69":{"loc":{"start":{"line":559,"column":0},"end":{"line":559,"column":108}},"type":"binary-expr","locations":[{"start":{"line":559,"column":0},"end":{"line":559,"column":42}},{"start":{"line":559,"column":46},"end":{"line":559,"column":108}}],"line":559},"70":{"loc":{"start":{"line":564,"column":2},"end":{"line":564,"column":18}},"type":"if","locations":[{"start":{"line":564,"column":2},"end":{"line":564,"column":18}},{"start":{},"end":{}}],"line":564},"71":{"loc":{"start":{"line":566,"column":2},"end":{"line":570,"column":3}},"type":"if","locations":[{"start":{"line":566,"column":2},"end":{"line":570,"column":3}},{"start":{"line":568,"column":9},"end":{"line":570,"column":3}}],"line":566}},"s":{"0":1,"1":0,"2":4,"3":4,"4":4,"5":4,"6":4,"7":4,"8":4,"9":4,"10":4,"11":4,"12":4,"13":4,"14":2,"15":0,"16":4,"17":4,"18":4,"19":2,"20":2,"21":2,"22":202,"23":4,"24":0,"25":0,"26":0,"27":0,"28":0,"29":4,"30":0,"31":0,"32":0,"33":0,"34":0,"35":4,"36":0,"37":0,"38":0,"39":0,"40":0,"41":0,"42":0,"43":0,"44":0,"45":0,"46":0,"47":0,"48":0,"49":0,"50":4,"51":2,"52":2,"53":4,"54":2,"55":2,"56":4,"57":8,"58":0,"59":4,"60":0,"61":4,"62":0,"63":4,"64":1,"65":1,"66":4,"67":4,"68":4,"69":4,"70":4,"71":0,"72":4,"73":0,"74":0,"75":0,"76":0,"77":0,"78":0,"79":0,"80":0,"81":0,"82":0,"83":0,"84":4,"85":0,"86":0,"87":0,"88":0,"89":0,"90":0,"91":0,"92":0,"93":0,"94":4,"95":0,"96":0,"97":0,"98":0,"99":0,"100":0,"101":0,"102":0,"103":0,"104":0,"105":0,"106":0,"107":0,"108":0,"109":0,"110":4,"111":4,"112":4,"113":0,"114":0,"115":13,"116":4,"117":4,"118":1,"119":1,"120":1,"121":1,"122":1,"123":1,"124":1,"125":1,"126":1,"127":1,"128":1,"129":1,"130":1,"131":1,"132":1,"133":1,"134":1,"135":1,"136":1,"137":1,"138":1,"139":1,"140":1,"141":1,"142":1,"143":1,"144":1,"145":1,"146":1,"147":1,"148":1,"149":1,"150":1,"151":1,"152":1,"153":25,"154":0,"155":819,"156":0,"157":0,"158":0,"159":0,"160":2,"161":8,"162":0,"163":2,"164":2,"165":0,"166":0,"167":0,"168":0,"169":1,"170":1,"171":1,"172":0,"173":1,"174":1,"175":1,"176":0,"177":1,"178":0,"179":0,"180":0,"181":0,"182":0,"183":0},"f":{"0":0,"1":4,"2":2,"3":0,"4":4,"5":202,"6":0,"7":0,"8":0,"9":2,"10":2,"11":2,"12":8,"13":1,"14":4,"15":0,"16":0,"17":0,"18":4,"19":0,"20":0,"21":13,"22":25,"23":0,"24":819,"25":0,"26":0,"27":0,"28":0,"29":2,"30":8,"31":0,"32":2,"33":2,"34":0,"35":0,"36":0,"37":0,"38":1,"39":1,"40":1,"41":0,"42":0,"43":0},"b":{"0":[2,2],"1":[0,0,0,0],"2":[0,0,0,0],"3":[0,0],"4":[0,0],"5":[0,0],"6":[0,0],"7":[0,0],"8":[0,0],"9":[0,0],"10":[0,4,0,4,0],"11":[1,0],"12":[4,0],"13":[0,0],"14":[0,0],"15":[0,0],"16":[0,0],"17":[0,0],"18":[0,0],"19":[0,0],"20":[0,0],"21":[0,0],"22":[0,0],"23":[0,0],"24":[0,0],"25":[0,0],"26":[13,12],"27":[13,2],"28":[12,2],"29":[25,4],"30":[25,4],"31":[25,4],"32":[25,4],"33":[25,4],"34":[25,4],"35":[25,4],"36":[25,4],"37":[25,4],"38":[13,12],"39":[8,17],"40":[25,12],"41":[4,4],"42":[8,2],"43":[25,4],"44":[25,4],"45":[25,4],"46":[25,4],"47":[25,4],"48":[0,25],"49":[0,0],"50":[0,0],"51":[0,0],"52":[0,0],"53":[0,0],"54":[0,0],"55":[0,0],"56":[0,0],"57":[13,12],"58":[13,2],"59":[13,2],"60":[13,2],"61":[13,2],"62":[12,2],"63":[12,2],"64":[13,12],"65":[13,2],"66":[13,2],"67":[13,2],"68":[13,2],"69":[1,1],"70":[0,0],"71":[0,0]},"inputSourceMap":{"version":3,"sources":["/Users/williamsmodeste/Documents/DEV/ecoswitch-ihm/src/components/simulator/VehicleFormBlock.vue"],"names":[],"mappings":"AAAA,OAAA,EAAA,GAAA,EAAA,QAAA,EAAA,UAAA,EAAA,KAAA;AACA,OAAA,EAAA,YAAA,EAAA,WAAA,EAAA,OAAA,EAAA,KAAA;;;AAGA,MAAA,UAAA,EAAA;EACA,MAAA,EAAA,kBAAA;EACA,KAAA,EAAA;EACA,OAAA,EAAA;IACA,IAAA,EAAA,MAAA;IACA,QAAA,EAAA;EACA,CAAA;EACA,IAAA,EAAA;IACA,IAAA,EAAA,MAAA;IACA,QAAA,EAAA;EACA,CAAA;EACA,UAAA,EAAA;IACA,IAAA,EAAA,OAAA;IACA,QAAA,EAAA;EACA,CAAA;EACA,eAAA,EAAA;IACA,IAAA,EAAA,KAAA;IACA,OAAA,EAAA,CAAA,EAAA,GAAA,CAAA;EACA,CAAA;EACA,mBAAA,EAAA;IACA,IAAA,EAAA,MAAA;IACA,OAAA,EAAA;EACA;AACA,CAAA;EACA,KAAA,EAAA;EACA,gBAAA;EACA,4BAAA;EACA,qBAAA;EACA;AACA,CAAA;EACA,KAAA,CAAA,OAAA,EAAA,EAAA,MAAA,EAAA,QAAA,EAAA,IAAA,EAAA,OAAA,CAAA,EAAA;EACA,QAAA,CAAA,CAAA;;AAEA,MAAA,MAAA,EAAA;;AAEA,MAAA,KAAA,EAAA;;;AAGA,MAAA,OAAA,EAAA,GAAA,CAAA,CAAA,CAAA;AACA,MAAA,OAAA,EAAA,GAAA,CAAA,CAAA,CAAA;AACA,MAAA,SAAA,EAAA,GAAA,CAAA,CAAA,CAAA;AACA,MAAA,cAAA,EAAA,GAAA,CAAA,EAAA;AACA,MAAA,cAAA,EAAA,GAAA,CAAA,EAAA;AACA,MAAA,gBAAA,EAAA,GAAA,CAAA,IAAA;;AAEA,MAAA,gBAAA,EAAA,GAAA,CAAA,KAAA;AACA,MAAA,YAAA,EAAA,GAAA,CAAA,CAAA,CAAA;;AAEA,MAAA,gBAAA,EAAA,QAAA,CAAA;EACA,GAAA,EAAA,CAAA,EAAA,GAAA,KAAA,CAAA,mBAAA;EACA,GAAA,EAAA,CAAA,GAAA,EAAA,GAAA,IAAA,CAAA,4BAAA,EAAA,GAAA;AACA,CAAA;;AAEA,MAAA,kBAAA,EAAA,CAAA,EAAA,GAAA;EACA,MAAA,MAAA,EAAA,KAAA,CAAA,OAAA,CAAA,IAAA,CAAA,IAAA,CAAA,CAAA,CAAA,WAAA,CAAA;EACA,GAAA,CAAA,CAAA,KAAA,EAAA;IACA,WAAA,CAAA,MAAA,EAAA,CAAA;IACA;EACA;EACA,WAAA,CAAA,MAAA,EAAA,KAAA,CAAA;IACA,CAAA,MAAA,CAAA,EAAA,GAAA,CAAA,CAAA,IAAA,CAAA,WAAA,CAAA,CAAA,CAAA,QAAA,CAAA,KAAA,CAAA;IACA,CAAA,KAAA,CAAA,CAAA,EAAA,CAAA;AACA;;AAEA,MAAA,wBAAA,EAAA,CAAA,QAAA,EAAA,GAAA;EACA,OAAA,CAAA,QAAA,EAAA;IACA,KAAA,UAAA,EAAA,OAAA;IACA,KAAA,QAAA,EAAA,OAAA;IACA,KAAA,QAAA,EAAA,OAAA;IACA,OAAA,EAAA,OAAA;EACA;AACA;;AAEA,MAAA,0BAAA,EAAA,CAAA,QAAA,EAAA,GAAA;EACA,OAAA,CAAA,QAAA,EAAA;IACA,KAAA,UAAA,EAAA,OAAA;IACA,KAAA,QAAA,EAAA,OAAA;IACA,KAAA,QAAA,EAAA,OAAA;IACA,OAAA,EAAA,OAAA;EACA;AACA;;AAEA,MAAA,iBAAA,EAAA,CAAA,CAAA,EAAA,GAAA;;EAEA,KAAA,CAAA,OAAA,CAAA,KAAA,EAAA,CAAA,CAAA;EACA,KAAA,CAAA,OAAA,CAAA,SAAA,EAAA,CAAA,CAAA;EACA,KAAA,CAAA,OAAA,CAAA,YAAA,EAAA,CAAA,CAAA;EACA,GAAA,CAAA,CAAA,CAAA,aAAA,EAAA,KAAA,CAAA,OAAA,CAAA,cAAA,EAAA,CAAA,CAAA;EACA,KAAA,CAAA,OAAA,CAAA,cAAA,EAAA,CAAA,CAAA,cAAA,GAAA,uBAAA,CAAA,CAAA,CAAA,QAAA;EACA,KAAA,CAAA,OAAA,CAAA,gBAAA,EAAA,CAAA,CAAA,gBAAA,GAAA,yBAAA,CAAA,CAAA,CAAA,QAAA;EACA,GAAA,CAAA,KAAA,CAAA,KAAA,IAAA,UAAA,GAAA,CAAA,CAAA,YAAA,IAAA,SAAA,EAAA;IACA,KAAA,CAAA,OAAA,CAAA,YAAA,EAAA,CAAA,CAAA;EACA;EACA,GAAA,CAAA,KAAA,CAAA,KAAA,IAAA,SAAA,GAAA,CAAA,CAAA,cAAA,IAAA,SAAA,EAAA;IACA,KAAA,CAAA,OAAA,CAAA,cAAA,EAAA,CAAA,CAAA;EACA;;EAEA,WAAA,CAAA,MAAA,EAAA,CAAA;EACA,eAAA,CAAA,MAAA,EAAA;;EAEA,IAAA,CAAA,qBAAA,EAAA,KAAA,CAAA,OAAA;AACA;;AAEA,MAAA,0BAAA,EAAA,CAAA,EAAA,GAAA;EACA,UAAA,CAAA,CAAA,EAAA,GAAA;IACA,eAAA,CAAA,MAAA,EAAA;EACA,CAAA,EAAA,GAAA;AACA;;AAEA,MAAA,YAAA,EAAA,CAAA,EAAA,GAAA;EACA,eAAA,CAAA,MAAA,EAAA;EACA,iBAAA,CAAA;AACA;;AAEA,MAAA,eAAA,EAAA,CAAA,IAAA,EAAA,GAAA;EACA,OAAA,CAAA,IAAA,EAAA;IACA,KAAA,QAAA,EAAA,OAAA;IACA,KAAA,QAAA,EAAA,OAAA;IACA,KAAA,QAAA,EAAA,OAAA;IACA,KAAA,UAAA,EAAA,OAAA;IACA,OAAA,EAAA,OAAA;EACA;AACA;;AAEA,MAAA,eAAA,EAAA,CAAA,EAAA,GAAA;EACA,GAAA,CAAA,KAAA,CAAA,KAAA,IAAA,SAAA,EAAA;IACA,IAAA,CAAA,uBAAA,EAAA,KAAA,CAAA,OAAA,CAAA,aAAA;EACA;AACA;;;AAGA,MAAA,YAAA,EAAA,MAAA,CAAA,EAAA,GAAA;EACA,IAAA;IACA,MAAA,IAAA,EAAA,MAAA,KAAA,CAAA,sBAAA;IACA,GAAA,CAAA,GAAA,CAAA,EAAA,EAAA;MACA,MAAA,CAAA,MAAA,EAAA,MAAA,GAAA,CAAA,IAAA,CAAA;IACA;EACA,EAAA,MAAA,CAAA,GAAA,EAAA;IACA,OAAA,CAAA,KAAA,CAAA,mCAAA,EAAA,GAAA;EACA;AACA;;AAEA,MAAA,YAAA,EAAA,MAAA,CAAA,EAAA,GAAA;EACA,MAAA,CAAA,MAAA,EAAA,CAAA;EACA,QAAA,CAAA,MAAA,EAAA,CAAA;EACA,aAAA,CAAA,MAAA,EAAA;EACA,eAAA,CAAA,MAAA,EAAA;;EAEA,GAAA,CAAA,CAAA,aAAA,CAAA,KAAA,EAAA;;EAEA,IAAA;IACA,MAAA,IAAA,EAAA,MAAA,KAAA,CAAA,8BAAA,kBAAA,CAAA,aAAA,CAAA,KAAA,CAAA,EAAA;IACA,GAAA,CAAA,GAAA,CAAA,EAAA,EAAA;MACA,MAAA,CAAA,MAAA,EAAA,MAAA,GAAA,CAAA,IAAA,CAAA;IACA;EACA,EAAA,MAAA,CAAA,GAAA,EAAA;IACA,OAAA,CAAA,KAAA,CAAA,mCAAA,EAAA,GAAA;EACA;AACA;;AAEA,MAAA,cAAA,EAAA,MAAA,CAAA,EAAA,GAAA;EACA,QAAA,CAAA,MAAA,EAAA,CAAA;EACA,eAAA,CAAA,MAAA,EAAA;;EAEA,GAAA,CAAA,CAAA,aAAA,CAAA,MAAA,GAAA,CAAA,aAAA,CAAA,KAAA,EAAA;;EAEA,IAAA;IACA,MAAA,IAAA,EAAA,MAAA,KAAA,CAAA,gCAAA,kBAAA,CAAA,aAAA,CAAA,KAAA,CAAA,UAAA,kBAAA,CAAA,aAAA,CAAA,KAAA,CAAA,EAAA;IACA,GAAA,CAAA,GAAA,CAAA,EAAA,EAAA;MACA,QAAA,CAAA,MAAA,EAAA,MAAA,GAAA,CAAA,IAAA,CAAA;IACA;EACA,EAAA,MAAA,CAAA,GAAA,EAAA;IACA,OAAA,CAAA,KAAA,CAAA,oCAAA,EAAA,GAAA;EACA;AACA;;AAEA,MAAA,gBAAA,EAAA,CAAA,EAAA,GAAA;EACA,GAAA,CAAA,CAAA,eAAA,CAAA,KAAA,EAAA;;EAEA,MAAA,EAAA,EAAA,eAAA,CAAA;EACA,KAAA,CAAA,OAAA,CAAA,KAAA,EAAA,GAAA,CAAA,CAAA,KAAA,IAAA,CAAA,CAAA,KAAA,IAAA,CAAA,CAAA,OAAA;EACA,KAAA,CAAA,OAAA,CAAA,SAAA,EAAA,CAAA,CAAA;EACA,KAAA,CAAA,OAAA,CAAA,YAAA,EAAA,CAAA,CAAA;;EAEA,GAAA,CAAA,CAAA,CAAA,aAAA,EAAA,KAAA,CAAA,OAAA,CAAA,cAAA,EAAA,CAAA,CAAA;EACA,KAAA,CAAA,OAAA,CAAA,cAAA,EAAA,CAAA,CAAA,cAAA,GAAA,uBAAA,CAAA,CAAA,CAAA,QAAA;EACA,KAAA,CAAA,OAAA,CAAA,gBAAA,EAAA,CAAA,CAAA,gBAAA,GAAA,yBAAA,CAAA,CAAA,CAAA,QAAA;;EAEA,GAAA,CAAA,KAAA,CAAA,KAAA,IAAA,UAAA,GAAA,CAAA,CAAA,YAAA,IAAA,SAAA,EAAA;IACA,KAAA,CAAA,OAAA,CAAA,YAAA,EAAA,CAAA,CAAA;EACA;EACA,GAAA,CAAA,KAAA,CAAA,KAAA,IAAA,SAAA,GAAA,CAAA,CAAA,cAAA,IAAA,SAAA,EAAA;IACA,KAAA,CAAA,OAAA,CAAA,cAAA,EAAA,CAAA,CAAA;EACA;;EAEA,IAAA,CAAA,qBAAA,EAAA,KAAA,CAAA,OAAA;AACA;;AAEA,SAAA,CAAA,CAAA,EAAA,GAAA;EACA,WAAA,CAAA;AACA,CAAA;;AAEA,MAAA,aAAA,EAAA,EAAA,KAAA,EAAA,IAAA,EAAA,MAAA,EAAA,MAAA,EAAA,QAAA,EAAA,aAAA,EAAA,aAAA,EAAA,eAAA,EAAA,eAAA,EAAA,WAAA,EAAA,eAAA,EAAA,iBAAA,EAAA,uBAAA,EAAA,yBAAA,EAAA,gBAAA,EAAA,yBAAA,EAAA,WAAA,EAAA,cAAA,EAAA,cAAA,EAAA,WAAA,EAAA,WAAA,EAAA,aAAA,EAAA,eAAA,EAAA,GAAA,EAAA,QAAA,EAAA,SAAA,EAAA,IAAA,YAAA,CAAA,EAAA,EAAA,OAAA,aAAA,CAAA,EAAA,IAAA,WAAA,CAAA,EAAA,EAAA,OAAA,YAAA,CAAA,EAAA,IAAA,MAAA,CAAA,EAAA,EAAA,OAAA,OAAA,EAAA;AACA,MAAA,CAAA,cAAA,CAAA,YAAA,EAAA,iBAAA,EAAA,EAAA,UAAA,EAAA,KAAA,EAAA,KAAA,EAAA,KAAA,CAAA;AACA,OAAA;AACA;;AAEA;AACA,OAAA,EAAA,mBAAA,GAAA,mBAAA,EAAA,UAAA,GAAA,UAAA,EAAA,mBAAA,GAAA,mBAAA,EAAA,mBAAA,GAAA,mBAAA,EAAA,WAAA,GAAA,WAAA,EAAA,SAAA,GAAA,SAAA,EAAA,gBAAA,GAAA,gBAAA,EAAA,aAAA,GAAA,aAAA,EAAA,eAAA,GAAA,eAAA,EAAA,WAAA,GAAA,WAAA,EAAA,YAAA,GAAA,YAAA,EAAA,gBAAA,GAAA,gBAAA,EAAA,kBAAA,GAAA,mBAAA,EAAA,KAAA;;AAEA,MAAA,WAAA,EAAA,EAAA,KAAA,EAAA,mDAAA;AACA,MAAA,WAAA,EAAA;EACA,GAAA,EAAA,CAAA;EACA,KAAA,EAAA;AACA;AACA,MAAA,WAAA,EAAA;EACA,GAAA,EAAA,CAAA;EACA,KAAA,EAAA;AACA;AACA,MAAA,WAAA,EAAA,EAAA,KAAA,EAAA,6CAAA;AACA,MAAA,WAAA,EAAA,EAAA,KAAA,EAAA,gBAAA;AACA,MAAA,WAAA,EAAA,EAAA,KAAA,EAAA,kBAAA;AACA,MAAA,WAAA,EAAA,CAAA,OAAA;AACA,MAAA,WAAA,EAAA,EAAA,KAAA,EAAA,kBAAA;AACA,MAAA,WAAA,EAAA,CAAA,UAAA;AACA,MAAA,YAAA,EAAA,CAAA,OAAA;AACA,MAAA,YAAA,EAAA,EAAA,KAAA,EAAA,kBAAA;AACA,MAAA,YAAA,EAAA,CAAA,UAAA;AACA,MAAA,YAAA,EAAA,CAAA,OAAA;AACA,MAAA,YAAA,EAAA,EAAA,KAAA,EAAA,sBAAA;AACA,MAAA,YAAA,EAAA,CAAA,aAAA;AACA,MAAA,YAAA,EAAA;EACA,GAAA,EAAA,CAAA;EACA,KAAA,EAAA;AACA;AACA,MAAA,YAAA,EAAA,CAAA,aAAA;AACA,MAAA,YAAA,EAAA,EAAA,KAAA,EAAA,kBAAA;AACA,MAAA,YAAA,EAAA,EAAA,KAAA,EAAA,kBAAA;AACA,MAAA,YAAA,EAAA,EAAA,KAAA,EAAA,kBAAA;AACA,MAAA,YAAA,EAAA,EAAA,KAAA,EAAA,gBAAA;AACA,MAAA,YAAA,EAAA,EAAA,KAAA,EAAA,aAAA;AACA,MAAA,YAAA,EAAA,EAAA,KAAA,EAAA,aAAA;AACA,MAAA,YAAA,EAAA;EACA,GAAA,EAAA,CAAA;EACA,KAAA,EAAA;AACA;AACA,MAAA,YAAA,EAAA,EAAA,KAAA,EAAA,aAAA;AACA,MAAA,YAAA,EAAA,EAAA,KAAA,EAAA,aAAA;AACA,MAAA,YAAA,EAAA,EAAA,KAAA,EAAA,aAAA;AACA,MAAA,YAAA,EAAA,EAAA,KAAA,EAAA,aAAA;AACA,MAAA,YAAA,EAAA,EAAA,KAAA,EAAA,qBAAA;AACA,MAAA,YAAA,EAAA,EAAA,KAAA,EAAA,aAAA;AACA,MAAA,YAAA,EAAA,EAAA,KAAA,EAAA,aAAA;AACA,MAAA,YAAA,EAAA,EAAA,KAAA,EAAA,kBAAA;AACA,MAAA,YAAA,EAAA;EACA,GAAA,EAAA,CAAA;EACA,KAAA,EAAA;AACA;AACA,MAAA,YAAA,EAAA,EAAA,KAAA,EAAA,kDAAA;AACA,MAAA,YAAA,EAAA,EAAA,KAAA,EAAA,0BAAA;;AAEA,SAAA,WAAA,CAAA,IAAA,EAAA,MAAA,EAAA,MAAA,EAAA,MAAA,EAAA,KAAA,EAAA,QAAA,EAAA;EACA,OAAA,CAAA,UAAA,CAAA,CAAA,EAAA,mBAAA,CAAA,KAAA,EAAA,UAAA,EAAA;IACA,CAAA,MAAA,CAAA,KAAA,IAAA,SAAA;MACA,EAAA,CAAA,UAAA,CAAA,CAAA,EAAA,mBAAA,CAAA,IAAA,EAAA,UAAA,EAAA,CAAA,GAAA,CAAA,MAAA,CAAA,EAAA,EAAA,GAAA,CAAA,MAAA,CAAA,EAAA,EAAA,EAAA;UACA,mBAAA,CAAA,MAAA,EAAA,IAAA,EAAA,+BAAA,EAAA,CAAA,cAAA,CAAA;UACA,mBAAA,CAAA,MAAA,EAAA,EAAA,KAAA,EAAA,gCAAA,CAAA,EAAA,QAAA,EAAA,CAAA,cAAA;QACA,CAAA,CAAA,CAAA,CAAA,CAAA;MACA,EAAA,CAAA,UAAA,CAAA,CAAA,EAAA,mBAAA,CAAA,IAAA,EAAA,UAAA,EAAA,CAAA,GAAA,CAAA,MAAA,CAAA,EAAA,EAAA,GAAA,CAAA,MAAA,CAAA,EAAA,EAAA,EAAA;UACA,mBAAA,CAAA,MAAA,EAAA,IAAA,EAAA,0BAAA,EAAA,CAAA,cAAA,CAAA;UACA,mBAAA,CAAA,MAAA,EAAA,EAAA,KAAA,EAAA,+BAAA,CAAA,EAAA,OAAA,EAAA,CAAA,cAAA;QACA,CAAA,CAAA,CAAA,CAAA,CAAA,CAAA;IACA,mBAAA,CAAA,8EAAA,CAAA;IACA,mBAAA,CAAA,KAAA,EAAA,UAAA,EAAA;MACA,MAAA,CAAA,EAAA,EAAA,GAAA,CAAA,MAAA,CAAA,EAAA,EAAA,EAAA,mBAAA,CAAA,OAAA,EAAA,EAAA,KAAA,EAAA,mEAAA,CAAA,EAAA,oDAAA,EAAA,CAAA,cAAA,CAAA,CAAA;MACA,mBAAA,CAAA,KAAA,EAAA,UAAA,EAAA;QACA,mBAAA,CAAA,KAAA,EAAA,UAAA,EAAA;UACA,eAAA,CAAA,mBAAA,CAAA,QAAA,EAAA;YACA,qBAAA,EAAA,MAAA,CAAA,CAAA,EAAA,GAAA,CAAA,MAAA,CAAA,CAAA,EAAA,EAAA,OAAA,GAAA,CAAA,CAAA,MAAA,CAAA,aAAA,EAAA,EAAA,MAAA,CAAA,CAAA;YACA,KAAA,EAAA,kCAAA;YACA,QAAA,EAAA,MAAA,CAAA;UACA,CAAA,EAAA;YACA,MAAA,CAAA,EAAA,EAAA,GAAA,CAAA,MAAA,CAAA,EAAA,EAAA,EAAA,mBAAA,CAAA,QAAA,EAAA,EAAA,KAAA,EAAA,GAAA,CAAA,EAAA,QAAA,EAAA,CAAA,cAAA,CAAA,CAAA;YACA,CAAA,UAAA,CAAA,IAAA,CAAA,EAAA,mBAAA,CAAA,SAAA,EAAA,IAAA,EAAA,WAAA,CAAA,MAAA,CAAA,MAAA,EAAA,CAAA,CAAA,EAAA,GAAA;cACA,OAAA,CAAA,UAAA,CAAA,CAAA,EAAA,mBAAA,CAAA,QAAA,EAAA;gBACA,GAAA,EAAA,CAAA;gBACA,KAAA,EAAA;cACA,CAAA,EAAA,gBAAA,CAAA,CAAA,CAAA,EAAA,mBAAA,EAAA,UAAA,CAAA;YACA,CAAA,CAAA,EAAA,wBAAA,CAAA;UACA,CAAA,EAAA,oCAAA,CAAA,EAAA;YACA,CAAA,aAAA,EAAA,MAAA,CAAA,aAAA;UACA,CAAA;QACA,CAAA,CAAA;QACA,mBAAA,CAAA,KAAA,EAAA,UAAA,EAAA;UACA,eAAA,CAAA,mBAAA,CAAA,QAAA,EAAA;YACA,qBAAA,EAAA,MAAA,CAAA,CAAA,EAAA,GAAA,CAAA,MAAA,CAAA,CAAA,EAAA,EAAA,OAAA,GAAA,CAAA,CAAA,MAAA,CAAA,aAAA,EAAA,EAAA,MAAA,CAAA,CAAA;YACA,QAAA,EAAA,CAAA,MAAA,CAAA,aAAA;YACA,KAAA,EAAA,kCAAA;YACA,QAAA,EAAA,MAAA,CAAA;UACA,CAAA,EAAA;YACA,MAAA,CAAA,EAAA,EAAA,GAAA,CAAA,MAAA,CAAA,EAAA,EAAA,EAAA,mBAAA,CAAA,QAAA,EAAA,EAAA,KAAA,EAAA,GAAA,CAAA,EAAA,QAAA,EAAA,CAAA,cAAA,CAAA,CAAA;YACA,CAAA,UAAA,CAAA,IAAA,CAAA,EAAA,mBAAA,CAAA,SAAA,EAAA,IAAA,EAAA,WAAA,CAAA,MAAA,CAAA,MAAA,EAAA,CAAA,CAAA,EAAA,GAAA;cACA,OAAA,CAAA,UAAA,CAAA,CAAA,EAAA,mBAAA,CAAA,QAAA,EAAA;gBACA,GAAA,EAAA,CAAA;gBACA,KAAA,EAAA;cACA,CAAA,EAAA,gBAAA,CAAA,CAAA,CAAA,EAAA,mBAAA,EAAA,WAAA,CAAA;YACA,CAAA,CAAA,EAAA,wBAAA,CAAA;UACA,CAAA,EAAA,8BAAA,EAAA,UAAA,CAAA,EAAA;YACA,CAAA,aAAA,EAAA,MAAA,CAAA,aAAA;UACA,CAAA;QACA,CAAA,CAAA;QACA,mBAAA,CAAA,KAAA,EAAA,WAAA,EAAA;UACA,eAAA,CAAA,mBAAA,CAAA,QAAA,EAAA;YACA,qBAAA,EAAA,MAAA,CAAA,CAAA,EAAA,GAAA,CAAA,MAAA,CAAA,CAAA,EAAA,EAAA,OAAA,GAAA,CAAA,CAAA,MAAA,CAAA,eAAA,EAAA,EAAA,MAAA,CAAA,CAAA;YACA,QAAA,EAAA,CAAA,MAAA,CAAA,aAAA;YACA,KAAA,EAAA,kCAAA;YACA,QAAA,EAAA,MAAA,CAAA;UACA,CAAA,EAAA;YAAA,MAAA,CAAA,EAAA,EAAA,GAAA,CAAA,MAAA,CAAA,EAAA,EAAA,EAAA,mBAAA,CAAA,QAAA,EAAA,EAAA,KAAA,EAAA,KAAA,CAAA,EAAA,SAAA,EAAA,CAAA,cAAA,CAAA,CAAA;YAAA,CAAA,UAAA,CAAA,IAAA,CAAA,EAAA,mBAAA,CAAA,SAAA,EAAA,IAAA,EAAA,WAAA,CAAA,MAAA,CAAA,QAAA,EAAA,CAAA,CAAA,EAAA,GAAA;cAAA,OAAA,CAAA,UAAA,CAAA,CAAA,EAAA,mBAAA,CAAA,QAAA,EAAA;gBAAA,GAAA,EAAA,CAAA,CAAA,OAAA;gBAAA,KAAA,EAAA;cAAA,CAAA,EAAA,gBAAA,CAAA,CAAA,CAAA,OAAA,CAAA,EAAA,mBAAA,EAAA,WAAA,CAAA;YAAA,CAAA,CAAA,EAAA,wBAAA,CAAA;UAAA,CAAA,EAAA,8BAAA,EAAA,WAAA,CAAA,EAAA;YAAA,CAAA,aAAA,EAAA,MAAA,CAAA,eAAA;UAAA,CAAA;QAAA,CAAA;MAAA,CAAA;IAAA,CAAA,CAAA;IAAA,mBAAA,CAAA,iBAAA,CAAA;IAAA,mBAAA,CAAA,KAAA,EAAA,WAAA,EAAA;MAAA,MAAA,CAAA,EAAA,EAAA,GAAA,CAAA,MAAA,CAAA,EAAA,EAAA,EAAA,mBAAA,CAAA,OAAA,EAAA,EAAA,KAAA,EAAA,aAAA,CAAA,EAAA,eAAA,EAAA,CAAA,cAAA,CAAA,CAAA;MAAA,eAAA,CAAA,mBAAA,CAAA,OAAA,EAAA;QAAA,qBAAA,EAAA,MAAA,CAAA,CAAA,EAAA,GAAA,CAAA,MAAA,CAAA,CAAA,EAAA,EAAA,OAAA,GAAA,CAAA,CAAA,MAAA,CAAA,OAAA,CAAA,IAAA,EAAA,EAAA,MAAA,CAAA,CAAA;QAAA,IAAA,EAAA,MAAA;QAAA,KAAA,EAAA,cAAA;QAAA,WAAA,EAAA,MAAA,CAAA,KAAA,IAAA,UAAA,EAAA,kBAAA,EAAA,mBAAA;QAAA,QAAA,EAAA,EAAA;QAAA,OAAA,EAAA,MAAA,CAAA,iBAAA;QAAA,OAAA,EAAA,MAAA,CAAA,WAAA;QAAA,MAAA,EAAA,MAAA,CAAA;MAAA,CAAA,EAAA,IAAA,EAAA,8BAAA,EAAA,WAAA,CAAA,EAAA;QAAA,CAAA,WAAA,EAAA,MAAA,CAAA,OAAA,CAAA,IAAA;MAAA,CAAA,CAAA;MAAA,CAAA,MAAA,CAAA,gBAAA,GAAA,MAAA,CAAA,WAAA,CAAA,OAAA,EAAA,CAAA;QAAA,EAAA,CAAA,UAAA,CAAA,CAAA,EAAA,mBAAA,CAAA,KAAA,EAAA,WAAA,EAAA;YAAA,CAAA,UAAA,CAAA,IAAA,CAAA,EAAA,mBAAA,CAAA,SAAA,EAAA,IAAA,EAAA,WAAA,CAAA,MAAA,CAAA,WAAA,EAAA,CAAA,CAAA,EAAA,GAAA;cAAA,OAAA,CAAA,UAAA,CAAA,CAAA,EAAA,mBAAA,CAAA,KAAA,EAAA;gBAAA,GAAA,EAAA,CAAA,CAAA,EAAA;gBAAA,KAAA,EAAA,iBAAA;gBAAA,WAAA,EAAA,OAAA,GAAA,CAAA,MAAA,CAAA,gBAAA,CAAA,CAAA,CAAA;cAAA,CAAA,EAAA;gBAAA,mBAAA,CAAA,KAAA,EAAA,WAAA,EAAA;kBAAA,mBAAA,CAAA,MAAA,EAAA,WAAA,EAAA,gBAAA,CAAA,CAAA,CAAA,IAAA,CAAA,EAAA,YAAA,CAAA;kBAAA,mBAAA,CAAA,MAAA,EAAA,WAAA,EAAA,gBAAA,CAAA,MAAA,CAAA,cAAA,CAAA,CAAA,CAAA,QAAA,CAAA,EAAA,EAAA,MAAA,EAAA,gBAAA,CAAA,CAAA,CAAA,WAAA,EAAA,EAAA,IAAA,EAAA,gBAAA,CAAA,CAAA,CAAA,SAAA,IAAA,WAAA,EAAA,MAAA,EAAA,GAAA,EAAA,EAAA,SAAA,EAAA,YAAA;gBAAA,CAAA,CAAA;gBAAA,MAAA,CAAA,EAAA,EAAA,GAAA,CAAA,MAAA,CAAA,EAAA,EAAA,EAAA,mBAAA,CAAA,MAAA,EAAA,EAAA,KAAA,EAAA,+BAAA,CAAA,EAAA,MAAA,EAAA,CAAA,cAAA,CAAA;cAAA,CAAA,EAAA,8BAAA,EAAA,WAAA,CAAA;YAAA,CAAA,CAAA,EAAA,wBAAA,CAAA;UAAA,CAAA,CAAA;QAAA,EAAA,mBAAA,CAAA,MAAA,EAAA,IAAA;IAAA,CAAA,CAAA;IAAA,mBAAA,CAAA,iCAAA,CAAA;IAAA,mBAAA,CAAA,KAAA,EAAA,WAAA,EAAA;MAAA,mBAAA,CAAA,KAAA,EAAA,WAAA,EAAA;QAAA,MAAA,CAAA,EAAA,EAAA,GAAA,CAAA,MAAA,CAAA,EAAA,EAAA,EAAA,mBAAA,CAAA,OAAA,EAAA,EAAA,KAAA,EAAA,aAAA,CAAA,EAAA,gBAAA,EAAA,CAAA,cAAA,CAAA,CAAA;QAAA,eAAA,CAAA,mBAAA,CAAA,QAAA,EAAA;UAAA,qBAAA,EAAA,MAAA,CAAA,CAAA,EAAA,GAAA,CAAA,MAAA,CAAA,CAAA,EAAA,EAAA,OAAA,GAAA,CAAA,CAAA,MAAA,CAAA,OAAA,CAAA,QAAA,EAAA,EAAA,MAAA,CAAA,CAAA;UAAA,KAAA,EAAA;QAAA,CAAA,EAAA,CAAA,GAAA,CAAA,MAAA,CAAA,EAAA,EAAA,GAAA,CAAA,MAAA,CAAA,EAAA,EAAA,EAAA;UAAA,kBAAA,CAAA,wOAAA,EAAA,CAAA;QAAA,CAAA,CAAA,CAAA,CAAA,EAAA,oBAAA,CAAA,EAAA;UAAA,CAAA,aAAA,EAAA,MAAA,CAAA,OAAA,CAAA,QAAA;QAAA,CAAA;MAAA,CAAA,CAAA;MAAA,mBAAA,CAAA,KAAA,EAAA,WAAA,EAAA;QAAA,MAAA,CAAA,EAAA,EAAA,GAAA,CAAA,MAAA,CAAA,EAAA,EAAA,EAAA,mBAAA,CAAA,OAAA,EAAA,EAAA,KAAA,EAAA,aAAA,CAAA,EAAA,+BAAA,EAAA,CAAA,cAAA,CAAA,CAAA;QAAA,eAAA,CAAA,mBAAA,CAAA,OAAA,EAAA;UAAA,qBAAA,EAAA,MAAA,CAAA,CAAA,EAAA,GAAA,CAAA,MAAA,CAAA,CAAA,EAAA,EAAA,OAAA,GAAA,CAAA,CAAA,MAAA,CAAA,OAAA,CAAA,WAAA,EAAA,EAAA,MAAA,CAAA,CAAA;UAAA,IAAA,EAAA,QAAA;UAAA,IAAA,EAAA,KAAA;UAAA,KAAA,EAAA,cAAA;UAAA,QAAA,EAAA;QAAA,CAAA,EAAA,IAAA,EAAA,oBAAA,CAAA,EAAA;UAAA;YAAA,WAAA;YAAA,MAAA,CAAA,OAAA,CAAA,WAAA;YAAA,KAAA,CAAA;YAAA,EAAA,MAAA,EAAA,KAAA;UAAA;QAAA,CAAA;MAAA,CAAA;IAAA,CAAA,CAAA;IAAA,mBAAA,CAAA,sDAAA,CAAA;IAAA,CAAA,MAAA,CAAA,UAAA;MAAA,EAAA,CAAA,UAAA,CAAA,CAAA,EAAA,mBAAA,CAAA,KAAA,EAAA,WAAA,EAAA;UAAA,mBAAA,CAAA,KAAA,EAAA,WAAA,EAAA;YAAA,MAAA,CAAA,EAAA,EAAA,GAAA,CAAA,MAAA,CAAA,EAAA,EAAA,EAAA,mBAAA,CAAA,OAAA,EAAA,EAAA,KAAA,EAAA,aAAA,CAAA,EAAA,kBAAA,EAAA,CAAA,cAAA,CAAA,CAAA;YAAA,eAAA,CAAA,mBAAA,CAAA,OAAA,EAAA;cAAA,qBAAA,EAAA,MAAA,CAAA,CAAA,EAAA,GAAA,CAAA,MAAA,CAAA,CAAA,EAAA,EAAA,OAAA,GAAA,CAAA,CAAA,MAAA,CAAA,OAAA,CAAA,aAAA,EAAA,EAAA,MAAA,CAAA,CAAA;cAAA,IAAA,EAAA,QAAA;cAAA,KAAA,EAAA,cAAA;cAAA,QAAA,EAAA;YAAA,CAAA,EAAA,IAAA,EAAA,oBAAA,CAAA,EAAA;cAAA;gBAAA,WAAA;gBAAA,MAAA,CAAA,OAAA,CAAA,aAAA;gBAAA,KAAA,CAAA;gBAAA,EAAA,MAAA,EAAA,KAAA;cAAA;YAAA,CAAA;UAAA,CAAA,CAAA;UAAA,mBAAA,CAAA,KAAA,EAAA,WAAA,EAAA;YAAA,MAAA,CAAA,EAAA,EAAA,GAAA,CAAA,MAAA,CAAA,EAAA,EAAA,EAAA,mBAAA,CAAA,OAAA,EAAA,EAAA,KAAA,EAAA,aAAA,CAAA,EAAA,kBAAA,EAAA,CAAA,cAAA,CAAA,CAAA;YAAA,eAAA,CAAA,mBAAA,CAAA,OAAA,EAAA;cAAA,qBAAA,EAAA,MAAA,CAAA,CAAA,EAAA,GAAA,CAAA,MAAA,CAAA,CAAA,EAAA,EAAA,OAAA,GAAA,CAAA,CAAA,MAAA,CAAA,OAAA,CAAA,eAAA,EAAA,EAAA,MAAA,CAAA,CAAA;cAAA,IAAA,EAAA,QAAA;cAAA,KAAA,EAAA,cAAA;cAAA,QAAA,EAAA;YAAA,CAAA,EAAA,IAAA,EAAA,oBAAA,CAAA,EAAA;cAAA;gBAAA,WAAA;gBAAA,MAAA,CAAA,OAAA,CAAA,eAAA;gBAAA,KAAA,CAAA;gBAAA,EAAA,MAAA,EAAA,KAAA;cAAA;YAAA,CAAA;UAAA,CAAA,CAAA;UAAA,mBAAA,CAAA,KAAA,EAAA,WAAA,EAAA;YAAA,mBAAA,CAAA,OAAA,EAAA,WAAA,EAAA,gBAAA,CAAA,MAAA,CAAA,KAAA,IAAA,UAAA,EAAA,uBAAA,EAAA,kBAAA,CAAA,EAAA,YAAA,CAAA;YAAA,CAAA,MAAA,CAAA,KAAA,IAAA,SAAA;cAAA,EAAA,eAAA,CAAA,CAAA,UAAA,CAAA,CAAA,EAAA,mBAAA,CAAA,OAAA,EAAA;kBAAA,GAAA,EAAA,CAAA;kBAAA,qBAAA,EAAA,MAAA,CAAA,CAAA,EAAA,GAAA,CAAA,MAAA,CAAA,CAAA,EAAA,EAAA,OAAA,GAAA,CAAA,CAAA,MAAA,CAAA,OAAA,CAAA,WAAA,EAAA,EAAA,MAAA,CAAA,CAAA;kBAAA,IAAA,EAAA,QAAA;kBAAA,KAAA,EAAA,cAAA;kBAAA,QAAA,EAAA;gBAAA,CAAA,EAAA,IAAA,EAAA,oBAAA,CAAA,CAAA,EAAA;kBAAA;oBAAA,WAAA;oBAAA,MAAA,CAAA,OAAA,CAAA,WAAA;oBAAA,KAAA,CAAA;oBAAA,EAAA,MAAA,EAAA,KAAA;kBAAA;gBAAA,CAAA;cAAA,EAAA,eAAA,CAAA,CAAA,UAAA,CAAA,CAAA,EAAA,mBAAA,CAAA,OAAA,EAAA;kBAAA,GAAA,EAAA,CAAA;kBAAA,qBAAA,EAAA,MAAA,CAAA,CAAA,EAAA,GAAA,CAAA,MAAA,CAAA,CAAA,EAAA,EAAA,OAAA,GAAA,CAAA,CAAA,MAAA,CAAA,OAAA,CAAA,aAAA,EAAA,EAAA,MAAA,CAAA,CAAA;kBAAA,IAAA,EAAA,QAAA;kBAAA,KAAA,EAAA,cAAA;kBAAA,QAAA,EAAA;gBAAA,CAAA,EAAA,IAAA,EAAA,oBAAA,CAAA,CAAA,EAAA;kBAAA;oBAAA,WAAA;oBAAA,MAAA,CAAA,OAAA,CAAA,aAAA;oBAAA,KAAA,CAAA;oBAAA,EAAA,MAAA,EAAA,KAAA;kBAAA;gBAAA,CAAA;UAAA,CAAA;QAAA,CAAA,CAAA;MAAA,EAAA,CAAA,MAAA,CAAA,KAAA,IAAA,SAAA;QAAA,EAAA,CAAA,UAAA,CAAA,CAAA,EAAA,mBAAA,CAAA,SAAA,EAAA,EAAA,GAAA,EAAA,EAAA,CAAA,EAAA;YAAA,mBAAA,CAAA,0DAAA,CAAA;YAAA,mBAAA,CAAA,KAAA,EAAA,WAAA,EAAA;cAAA,mBAAA,CAAA,KAAA,EAAA,WAAA,EAAA;gBAAA,MAAA,CAAA,EAAA,EAAA,GAAA,CAAA,MAAA,CAAA,EAAA,EAAA,EAAA,mBAAA,CAAA,OAAA,EAAA,EAAA,KAAA,EAAA,aAAA,CAAA,EAAA,sBAAA,EAAA,CAAA,cAAA,CAAA,CAAA;gBAAA,eAAA,CAAA,mBAAA,CAAA,OAAA,EAAA;kBAAA,qBAAA,EAAA,MAAA,CAAA,EAAA,EAAA,GAAA,CAAA,MAAA,CAAA,EAAA,EAAA,EAAA,OAAA,GAAA,CAAA,CAAA,MAAA,CAAA,OAAA,CAAA,WAAA,EAAA,EAAA,MAAA,CAAA,CAAA;kBAAA,IAAA,EAAA,QAAA;kBAAA,KAAA,EAAA,cAAA;kBAAA,QAAA,EAAA;gBAAA,CAAA,EAAA,IAAA,EAAA,oBAAA,CAAA,EAAA;kBAAA;oBAAA,WAAA;oBAAA,MAAA,CAAA,OAAA,CAAA,WAAA;oBAAA,KAAA,CAAA;oBAAA,EAAA,MAAA,EAAA,KAAA;kBAAA;gBAAA,CAAA;cAAA,CAAA,CAAA;cAAA,mBAAA,CAAA,KAAA,EAAA,WAAA,EAAA;gBAAA,MAAA,CAAA,EAAA,EAAA,GAAA,CAAA,MAAA,CAAA,EAAA,EAAA,EAAA,mBAAA,CAAA,OAAA,EAAA,EAAA,KAAA,EAAA,aAAA,CAAA,EAAA,4BAAA,EAAA,CAAA,cAAA,CAAA,CAAA;gBAAA,eAAA,CAAA,mBAAA,CAAA,OAAA,EAAA;kBAAA,qBAAA,EAAA,MAAA,CAAA,EAAA,EAAA,GAAA,CAAA,MAAA,CAAA,EAAA,EAAA,EAAA,OAAA,GAAA,CAAA,CAAA,MAAA,CAAA,OAAA,CAAA,aAAA,EAAA,EAAA,MAAA,CAAA,CAAA;kBAAA,IAAA,EAAA,QAAA;kBAAA,KAAA,EAAA,cAAA;kBAAA,OAAA,EAAA,MAAA,CAAA,cAAA;kBAAA,QAAA,EAAA;gBAAA,CAAA,EAAA,IAAA,EAAA,oCAAA,CAAA,EAAA;kBAAA;oBAAA,WAAA;oBAAA,MAAA,CAAA,OAAA,CAAA,aAAA;oBAAA,KAAA,CAAA;oBAAA,EAAA,MAAA,EAAA,KAAA;kBAAA;gBAAA,CAAA;cAAA,CAAA;YAAA,CAAA;UAAA,CAAA,EAAA,6CAAA,CAAA;QAAA,EAAA,CAAA,UAAA,CAAA,CAAA,EAAA,mBAAA,CAAA,SAAA,EAAA,EAAA,GAAA,EAAA,EAAA,CAAA,EAAA;YAAA,mBAAA,CAAA,0DAAA,CAAA;YAAA,mBAAA,CAAA,KAAA,EAAA,WAAA,EAAA;cAAA,MAAA,CAAA,EAAA,EAAA,GAAA,CAAA,MAAA,CAAA,EAAA,EAAA,EAAA,mBAAA,CAAA,OAAA,EAAA,EAAA,KAAA,EAAA,aAAA,CAAA,EAAA,kBAAA,EAAA,CAAA,cAAA,CAAA,CAAA;cAAA,eAAA,CAAA,mBAAA,CAAA,OAAA,EAAA;gBAAA,qBAAA,EAAA,MAAA,CAAA,EAAA,EAAA,GAAA,CAAA,MAAA,CAAA,EAAA,EAAA,EAAA,OAAA,GAAA,CAAA,CAAA,MAAA,CAAA,OAAA,CAAA,aAAA,EAAA,EAAA,MAAA,CAAA,CAAA;gBAAA,IAAA,EAAA,QAAA;gBAAA,KAAA,EAAA,cAAA;gBAAA,QAAA,EAAA;cAAA,CAAA,EAAA,IAAA,EAAA,oBAAA,CAAA,EAAA;gBAAA;kBAAA,WAAA;kBAAA,MAAA,CAAA,OAAA,CAAA,aAAA;kBAAA,KAAA,CAAA;kBAAA,EAAA,MAAA,EAAA,KAAA;gBAAA;cAAA,CAAA;YAAA,CAAA;UAAA,CAAA,EAAA,6CAAA,CAAA,CAAA;IAAA,mBAAA,CAAA,uEAAA,CAAA;IAAA,CAAA,MAAA,CAAA,KAAA,IAAA,SAAA;MAAA,EAAA,CAAA,UAAA,CAAA,CAAA,EAAA,mBAAA,CAAA,KAAA,EAAA,WAAA,EAAA;UAAA,mBAAA,CAAA,OAAA,EAAA,WAAA,EAAA;YAAA,mBAAA,CAAA,MAAA,EAAA,WAAA,EAAA;cAAA,YAAA,CAAA,MAAA,CAAA,QAAA,CAAA,EAAA,EAAA,IAAA,EAAA,KAAA,CAAA,CAAA;cAAA,MAAA,CAAA,EAAA,EAAA,GAAA,CAAA,MAAA,CAAA,EAAA,EAAA,EAAA,gBAAA,CAAA,qCAAA,EAAA,CAAA,cAAA,CAAA;YAAA,CAAA,CAAA;YAAA,MAAA,CAAA,EAAA,EAAA,GAAA,CAAA,MAAA,CAAA,EAAA,EAAA,EAAA,mBAAA,CAAA,MAAA,EAAA,EAAA,KAAA,EAAA,+BAAA,CAAA,EAAA,iBAAA,EAAA,CAAA,cAAA,CAAA;UAAA,CAAA,CAAA;UAAA,eAAA,CAAA,mBAAA,CAAA,OAAA,EAAA;YAAA,qBAAA,EAAA,MAAA,CAAA,EAAA,EAAA,GAAA,CAAA,MAAA,CAAA,EAAA,EAAA,EAAA,OAAA,GAAA,CAAA,CAAA,MAAA,CAAA,eAAA,EAAA,EAAA,MAAA,CAAA,CAAA;YAAA,IAAA,EAAA,QAAA;YAAA,GAAA,EAAA,GAAA;YAAA,KAAA,EAAA,gCAAA;YAAA,WAAA,EAAA;UAAA,CAAA,EAAA,IAAA,EAAA,oBAAA,CAAA,EAAA;YAAA;cAAA,WAAA;cAAA,MAAA,CAAA,eAAA;cAAA,KAAA,CAAA;cAAA,EAAA,MAAA,EAAA,KAAA;YAAA;UAAA,CAAA,CAAA;UAAA,MAAA,CAAA,EAAA,EAAA,GAAA,CAAA,MAAA,CAAA,EAAA,EAAA,EAAA,mBAAA,CAAA,GAAA,EAAA,EAAA,KAAA,EAAA,4BAAA,CAAA,EAAA,iGAAA,EAAA,CAAA,cAAA,CAAA;QAAA,CAAA,CAAA;MAAA,EAAA,mBAAA,CAAA,MAAA,EAAA,IAAA;EAAA,CAAA,CAAA;AAAA;;;;AAAA,SAAA,CAAA,QAAA,EAAA;AAAA,OAAA,oBAAA,IAAA,YAAA,GAAA,mBAAA,CAAA,YAAA,CAAA,SAAA,CAAA,OAAA,EAAA,SAAA;AAAA,MAAA,CAAA,IAAA,CAAA,GAAA,CAAA,EAAA,CAAA,cAAA,EAAA,CAAA,EAAA,KAAA,CAAA,EAAA,GAAA;EAAA,mBAAA,CAAA,aAAA,EAAA;AAAA,CAAA;AAAA,MAAA,CAAA,IAAA,CAAA,GAAA,CAAA,MAAA,CAAA,IAAA,GAAA;EAAA,GAAA,CAAA,CAAA,GAAA,EAAA;EAAA,MAAA,EAAA,OAAA,EAAA,OAAA,EAAA,eAAA,EAAA,EAAA;EAAA,GAAA,CAAA,cAAA,EAAA;IAAA,mBAAA,CAAA,QAAA,CAAA,OAAA,CAAA,OAAA,EAAA,OAAA,CAAA,MAAA;EAAA,EAAA,KAAA;IAAA,mBAAA,CAAA,MAAA,CAAA,OAAA,CAAA,OAAA,EAAA,OAAA;EAAA;AAAA,CAAA;AAAA,OAAA,YAAA,KAAA;AAAA,OAAA,qBAAA,WAAA,CAAA,SAAA,EAAA,CAAA,CAAA,QAAA,CAAA,WAAA,CAAA,CAAA,CAAA,QAAA,CAAA,kGAAA,CAAA,CAAA"},"_coverageSchema":"1a1c01bbd47fc00a2c39e90264f33305004495a9","hash":"e33db624ed0b695f1ff42710a3402bbdd60a95a8"},"/Users/williamsmodeste/Documents/DEV/ecoswitch-ihm/src/utils/api.js":{"path":"/Users/williamsmodeste/Documents/DEV/ecoswitch-ihm/src/utils/api.js","statementMap":{"0":{"start":{"line":7,"column":17},"end":{"line":7,"column":26}},"1":{"start":{"line":11,"column":2},"end":{"line":11,"column":43}},"2":{"start":{"line":21,"column":16},"end":{"line":21,"column":26}},"3":{"start":{"line":22,"column":18},"end":{"line":26,"column":3}},"4":{"start":{"line":27,"column":2},"end":{"line":27,"column":61}},"5":{"start":{"line":33,"column":14},"end":{"line":36,"column":4}},"6":{"start":{"line":37,"column":15},"end":{"line":37,"column":31}},"7":{"start":{"line":38,"column":2},"end":{"line":38,"column":77}},"8":{"start":{"line":38,"column":15},"end":{"line":38,"column":77}},"9":{"start":{"line":39,"column":2},"end":{"line":39,"column":13}},"10":{"start":{"line":43,"column":14},"end":{"line":46,"column":4}},"11":{"start":{"line":47,"column":15},"end":{"line":47,"column":31}},"12":{"start":{"line":48,"column":2},"end":{"line":48,"column":80}},"13":{"start":{"line":48,"column":15},"end":{"line":48,"column":80}},"14":{"start":{"line":49,"column":2},"end":{"line":49,"column":13}},"15":{"start":{"line":53,"column":14},"end":{"line":56,"column":4}},"16":{"start":{"line":57,"column":15},"end":{"line":57,"column":31}},"17":{"start":{"line":58,"column":2},"end":{"line":58,"column":78}},"18":{"start":{"line":58,"column":15},"end":{"line":58,"column":78}},"19":{"start":{"line":59,"column":2},"end":{"line":59,"column":13}},"20":{"start":{"line":65,"column":14},"end":{"line":65,"column":44}},"21":{"start":{"line":66,"column":2},"end":{"line":66,"column":60}},"22":{"start":{"line":66,"column":26},"end":{"line":66,"column":60}},"23":{"start":{"line":67,"column":15},"end":{"line":67,"column":31}},"24":{"start":{"line":68,"column":2},"end":{"line":68,"column":86}},"25":{"start":{"line":68,"column":15},"end":{"line":68,"column":86}},"26":{"start":{"line":69,"column":2},"end":{"line":69,"column":13}},"27":{"start":{"line":73,"column":14},"end":{"line":76,"column":4}},"28":{"start":{"line":77,"column":2},"end":{"line":77,"column":60}},"29":{"start":{"line":77,"column":26},"end":{"line":77,"column":60}},"30":{"start":{"line":78,"column":15},"end":{"line":78,"column":31}},"31":{"start":{"line":79,"column":2},"end":{"line":79,"column":88}},"32":{"start":{"line":79,"column":15},"end":{"line":79,"column":88}},"33":{"start":{"line":80,"column":2},"end":{"line":80,"column":13}},"34":{"start":{"line":84,"column":14},"end":{"line":84,"column":72}},"35":{"start":{"line":85,"column":2},"end":{"line":85,"column":60}},"36":{"start":{"line":85,"column":26},"end":{"line":85,"column":60}},"37":{"start":{"line":86,"column":2},"end":{"line":86,"column":68}},"38":{"start":{"line":86,"column":26},"end":{"line":86,"column":68}},"39":{"start":{"line":87,"column":2},"end":{"line":87,"column":72}},"40":{"start":{"line":87,"column":15},"end":{"line":87,"column":72}},"41":{"start":{"line":93,"column":14},"end":{"line":93,"column":58}},"42":{"start":{"line":94,"column":2},"end":{"line":94,"column":60}},"43":{"start":{"line":94,"column":26},"end":{"line":94,"column":60}},"44":{"start":{"line":95,"column":2},"end":{"line":95,"column":35}},"45":{"start":{"line":95,"column":26},"end":{"line":95,"column":35}},"46":{"start":{"line":96,"column":15},"end":{"line":96,"column":31}},"47":{"start":{"line":97,"column":2},"end":{"line":97,"column":92}},"48":{"start":{"line":97,"column":15},"end":{"line":97,"column":92}},"49":{"start":{"line":98,"column":2},"end":{"line":98,"column":19}},"50":{"start":{"line":102,"column":14},"end":{"line":105,"column":4}},"51":{"start":{"line":106,"column":2},"end":{"line":106,"column":60}},"52":{"start":{"line":106,"column":26},"end":{"line":106,"column":60}},"53":{"start":{"line":107,"column":15},"end":{"line":107,"column":31}},"54":{"start":{"line":108,"column":2},"end":{"line":108,"column":87}},"55":{"start":{"line":108,"column":15},"end":{"line":108,"column":87}},"56":{"start":{"line":109,"column":2},"end":{"line":109,"column":13}},"57":{"start":{"line":113,"column":14},"end":{"line":116,"column":4}},"58":{"start":{"line":117,"column":2},"end":{"line":117,"column":60}},"59":{"start":{"line":117,"column":26},"end":{"line":117,"column":60}},"60":{"start":{"line":118,"column":15},"end":{"line":118,"column":31}},"61":{"start":{"line":119,"column":2},"end":{"line":119,"column":95}},"62":{"start":{"line":119,"column":15},"end":{"line":119,"column":95}},"63":{"start":{"line":120,"column":2},"end":{"line":120,"column":13}},"64":{"start":{"line":124,"column":14},"end":{"line":126,"column":4}},"65":{"start":{"line":127,"column":2},"end":{"line":127,"column":60}},"66":{"start":{"line":127,"column":26},"end":{"line":127,"column":60}},"67":{"start":{"line":128,"column":2},"end":{"line":128,"column":64}},"68":{"start":{"line":128,"column":26},"end":{"line":128,"column":64}},"69":{"start":{"line":129,"column":2},"end":{"line":129,"column":77}},"70":{"start":{"line":129,"column":15},"end":{"line":129,"column":77}}},"fnMap":{"0":{"name":"getToken","decl":{"start":{"line":10,"column":9},"end":{"line":10,"column":17}},"loc":{"start":{"line":10,"column":20},"end":{"line":12,"column":1}},"line":10},"1":{"name":"apiFetch","decl":{"start":{"line":20,"column":15},"end":{"line":20,"column":23}},"loc":{"start":{"line":20,"column":44},"end":{"line":28,"column":1}},"line":20},"2":{"name":"apiRegister","decl":{"start":{"line":32,"column":22},"end":{"line":32,"column":33}},"loc":{"start":{"line":32,"column":57},"end":{"line":40,"column":1}},"line":32},"3":{"name":"apiLogin","decl":{"start":{"line":42,"column":22},"end":{"line":42,"column":30}},"loc":{"start":{"line":42,"column":48},"end":{"line":50,"column":1}},"line":42},"4":{"name":"apiGoogleLogin","decl":{"start":{"line":52,"column":22},"end":{"line":52,"column":36}},"loc":{"start":{"line":52,"column":49},"end":{"line":60,"column":1}},"line":52},"5":{"name":"apiGetSimulations","decl":{"start":{"line":64,"column":22},"end":{"line":64,"column":39}},"loc":{"start":{"line":64,"column":42},"end":{"line":70,"column":1}},"line":64},"6":{"name":"apiSaveSimulation","decl":{"start":{"line":72,"column":22},"end":{"line":72,"column":39}},"loc":{"start":{"line":72,"column":62},"end":{"line":81,"column":1}},"line":72},"7":{"name":"apiDeleteSimulation","decl":{"start":{"line":83,"column":22},"end":{"line":83,"column":41}},"loc":{"start":{"line":83,"column":46},"end":{"line":88,"column":1}},"line":83},"8":{"name":"apiGetUserVehicleProfiles","decl":{"start":{"line":92,"column":22},"end":{"line":92,"column":47}},"loc":{"start":{"line":92,"column":50},"end":{"line":99,"column":1}},"line":92},"9":{"name":"apiCreateUserVehicleProfile","decl":{"start":{"line":101,"column":22},"end":{"line":101,"column":49}},"loc":{"start":{"line":101,"column":63},"end":{"line":110,"column":1}},"line":101},"10":{"name":"apiUpdateUserVehicleProfile","decl":{"start":{"line":112,"column":22},"end":{"line":112,"column":49}},"loc":{"start":{"line":112,"column":67},"end":{"line":121,"column":1}},"line":112},"11":{"name":"apiDeleteUserVehicleProfile","decl":{"start":{"line":123,"column":22},"end":{"line":123,"column":49}},"loc":{"start":{"line":123,"column":54},"end":{"line":130,"column":1}},"line":123}},"branchMap":{"0":{"loc":{"start":{"line":20,"column":30},"end":{"line":20,"column":42}},"type":"default-arg","locations":[{"start":{"line":20,"column":40},"end":{"line":20,"column":42}}],"line":20},"1":{"loc":{"start":{"line":24,"column":8},"end":{"line":24,"column":59}},"type":"cond-expr","locations":[{"start":{"line":24,"column":16},"end":{"line":24,"column":54}},{"start":{"line":24,"column":57},"end":{"line":24,"column":59}}],"line":24},"2":{"loc":{"start":{"line":25,"column":8},"end":{"line":25,"column":29}},"type":"binary-expr","locations":[{"start":{"line":25,"column":8},"end":{"line":25,"column":23}},{"start":{"line":25,"column":27},"end":{"line":25,"column":29}}],"line":25},"3":{"loc":{"start":{"line":38,"column":2},"end":{"line":38,"column":77}},"type":"if","locations":[{"start":{"line":38,"column":2},"end":{"line":38,"column":77}},{"start":{},"end":{}}],"line":38},"4":{"loc":{"start":{"line":38,"column":31},"end":{"line":38,"column":76}},"type":"binary-expr","locations":[{"start":{"line":38,"column":31},"end":{"line":38,"column":41}},{"start":{"line":38,"column":45},"end":{"line":38,"column":76}}],"line":38},"5":{"loc":{"start":{"line":48,"column":2},"end":{"line":48,"column":80}},"type":"if","locations":[{"start":{"line":48,"column":2},"end":{"line":48,"column":80}},{"start":{},"end":{}}],"line":48},"6":{"loc":{"start":{"line":48,"column":31},"end":{"line":48,"column":79}},"type":"binary-expr","locations":[{"start":{"line":48,"column":31},"end":{"line":48,"column":41}},{"start":{"line":48,"column":45},"end":{"line":48,"column":79}}],"line":48},"7":{"loc":{"start":{"line":58,"column":2},"end":{"line":58,"column":78}},"type":"if","locations":[{"start":{"line":58,"column":2},"end":{"line":58,"column":78}},{"start":{},"end":{}}],"line":58},"8":{"loc":{"start":{"line":58,"column":31},"end":{"line":58,"column":77}},"type":"binary-expr","locations":[{"start":{"line":58,"column":31},"end":{"line":58,"column":41}},{"start":{"line":58,"column":45},"end":{"line":58,"column":77}}],"line":58},"9":{"loc":{"start":{"line":66,"column":2},"end":{"line":66,"column":60}},"type":"if","locations":[{"start":{"line":66,"column":2},"end":{"line":66,"column":60}},{"start":{},"end":{}}],"line":66},"10":{"loc":{"start":{"line":68,"column":2},"end":{"line":68,"column":86}},"type":"if","locations":[{"start":{"line":68,"column":2},"end":{"line":68,"column":86}},{"start":{},"end":{}}],"line":68},"11":{"loc":{"start":{"line":68,"column":31},"end":{"line":68,"column":85}},"type":"binary-expr","locations":[{"start":{"line":68,"column":31},"end":{"line":68,"column":41}},{"start":{"line":68,"column":45},"end":{"line":68,"column":85}}],"line":68},"12":{"loc":{"start":{"line":77,"column":2},"end":{"line":77,"column":60}},"type":"if","locations":[{"start":{"line":77,"column":2},"end":{"line":77,"column":60}},{"start":{},"end":{}}],"line":77},"13":{"loc":{"start":{"line":79,"column":2},"end":{"line":79,"column":88}},"type":"if","locations":[{"start":{"line":79,"column":2},"end":{"line":79,"column":88}},{"start":{},"end":{}}],"line":79},"14":{"loc":{"start":{"line":79,"column":31},"end":{"line":79,"column":87}},"type":"binary-expr","locations":[{"start":{"line":79,"column":31},"end":{"line":79,"column":41}},{"start":{"line":79,"column":45},"end":{"line":79,"column":87}}],"line":79},"15":{"loc":{"start":{"line":85,"column":2},"end":{"line":85,"column":60}},"type":"if","locations":[{"start":{"line":85,"column":2},"end":{"line":85,"column":60}},{"start":{},"end":{}}],"line":85},"16":{"loc":{"start":{"line":86,"column":2},"end":{"line":86,"column":68}},"type":"if","locations":[{"start":{"line":86,"column":2},"end":{"line":86,"column":68}},{"start":{},"end":{}}],"line":86},"17":{"loc":{"start":{"line":87,"column":2},"end":{"line":87,"column":72}},"type":"if","locations":[{"start":{"line":87,"column":2},"end":{"line":87,"column":72}},{"start":{},"end":{}}],"line":87},"18":{"loc":{"start":{"line":94,"column":2},"end":{"line":94,"column":60}},"type":"if","locations":[{"start":{"line":94,"column":2},"end":{"line":94,"column":60}},{"start":{},"end":{}}],"line":94},"19":{"loc":{"start":{"line":95,"column":2},"end":{"line":95,"column":35}},"type":"if","locations":[{"start":{"line":95,"column":2},"end":{"line":95,"column":35}},{"start":{},"end":{}}],"line":95},"20":{"loc":{"start":{"line":97,"column":2},"end":{"line":97,"column":92}},"type":"if","locations":[{"start":{"line":97,"column":2},"end":{"line":97,"column":92}},{"start":{},"end":{}}],"line":97},"21":{"loc":{"start":{"line":97,"column":31},"end":{"line":97,"column":91}},"type":"binary-expr","locations":[{"start":{"line":97,"column":31},"end":{"line":97,"column":41}},{"start":{"line":97,"column":45},"end":{"line":97,"column":91}}],"line":97},"22":{"loc":{"start":{"line":98,"column":9},"end":{"line":98,"column":19}},"type":"binary-expr","locations":[{"start":{"line":98,"column":9},"end":{"line":98,"column":13}},{"start":{"line":98,"column":17},"end":{"line":98,"column":19}}],"line":98},"23":{"loc":{"start":{"line":106,"column":2},"end":{"line":106,"column":60}},"type":"if","locations":[{"start":{"line":106,"column":2},"end":{"line":106,"column":60}},{"start":{},"end":{}}],"line":106},"24":{"loc":{"start":{"line":108,"column":2},"end":{"line":108,"column":87}},"type":"if","locations":[{"start":{"line":108,"column":2},"end":{"line":108,"column":87}},{"start":{},"end":{}}],"line":108},"25":{"loc":{"start":{"line":108,"column":31},"end":{"line":108,"column":86}},"type":"binary-expr","locations":[{"start":{"line":108,"column":31},"end":{"line":108,"column":41}},{"start":{"line":108,"column":45},"end":{"line":108,"column":86}}],"line":108},"26":{"loc":{"start":{"line":117,"column":2},"end":{"line":117,"column":60}},"type":"if","locations":[{"start":{"line":117,"column":2},"end":{"line":117,"column":60}},{"start":{},"end":{}}],"line":117},"27":{"loc":{"start":{"line":119,"column":2},"end":{"line":119,"column":95}},"type":"if","locations":[{"start":{"line":119,"column":2},"end":{"line":119,"column":95}},{"start":{},"end":{}}],"line":119},"28":{"loc":{"start":{"line":119,"column":31},"end":{"line":119,"column":94}},"type":"binary-expr","locations":[{"start":{"line":119,"column":31},"end":{"line":119,"column":41}},{"start":{"line":119,"column":45},"end":{"line":119,"column":94}}],"line":119},"29":{"loc":{"start":{"line":127,"column":2},"end":{"line":127,"column":60}},"type":"if","locations":[{"start":{"line":127,"column":2},"end":{"line":127,"column":60}},{"start":{},"end":{}}],"line":127},"30":{"loc":{"start":{"line":128,"column":2},"end":{"line":128,"column":64}},"type":"if","locations":[{"start":{"line":128,"column":2},"end":{"line":128,"column":64}},{"start":{},"end":{}}],"line":128},"31":{"loc":{"start":{"line":129,"column":2},"end":{"line":129,"column":77}},"type":"if","locations":[{"start":{"line":129,"column":2},"end":{"line":129,"column":77}},{"start":{},"end":{}}],"line":129}},"s":{"0":1,"1":0,"2":0,"3":0,"4":0,"5":0,"6":0,"7":0,"8":0,"9":0,"10":0,"11":0,"12":0,"13":0,"14":0,"15":0,"16":0,"17":0,"18":0,"19":0,"20":0,"21":0,"22":0,"23":0,"24":0,"25":0,"26":0,"27":0,"28":0,"29":0,"30":0,"31":0,"32":0,"33":0,"34":0,"35":0,"36":0,"37":0,"38":0,"39":0,"40":0,"41":0,"42":0,"43":0,"44":0,"45":0,"46":0,"47":0,"48":0,"49":0,"50":0,"51":0,"52":0,"53":0,"54":0,"55":0,"56":0,"57":0,"58":0,"59":0,"60":0,"61":0,"62":0,"63":0,"64":0,"65":0,"66":0,"67":0,"68":0,"69":0,"70":0},"f":{"0":0,"1":0,"2":0,"3":0,"4":0,"5":0,"6":0,"7":0,"8":0,"9":0,"10":0,"11":0},"b":{"0":[0],"1":[0,0],"2":[0,0],"3":[0,0],"4":[0,0],"5":[0,0],"6":[0,0],"7":[0,0],"8":[0,0],"9":[0,0],"10":[0,0],"11":[0,0],"12":[0,0],"13":[0,0],"14":[0,0],"15":[0,0],"16":[0,0],"17":[0,0],"18":[0,0],"19":[0,0],"20":[0,0],"21":[0,0],"22":[0,0],"23":[0,0],"24":[0,0],"25":[0,0],"26":[0,0],"27":[0,0],"28":[0,0],"29":[0,0],"30":[0,0],"31":[0,0]},"inputSourceMap":{"version":3,"sources":["/Users/williamsmodeste/Documents/DEV/ecoswitch-ihm/src/utils/api.js"],"names":[],"mappings":"AAAA,CAAC,CAAC;AACF,CAAC,CAAC,CAAC,MAAM,CAAC,GAAG,CAAC,CAAC,CAAC;AAChB,CAAC,CAAC,CAAC,UAAU,CAAC,GAAG,CAAC,MAAM,CAAC,KAAK,CAAC,IAAI,CAAC,OAAO,CAAC,WAAW,CAAC,EAAE,CAAC,GAAG;AAC9D,CAAC,CAAC,CAAC,MAAM,CAAC,IAAI,CAAC,EAAE,CAAC,IAAI,CAAC,CAAC,GAAG,CAAC,EAAE,CAAC,CAAC,CAAC,MAAM,CAAC,eAAe,CAAC,EAAE,CAAC,MAAM,CAAC,aAAa,CAAC,CAAC,MAAM,CAAC,CAAC,KAAK,CAAC;AAC/F,CAAC,CAAC;;AAEF,KAAK,CAAC,QAAQ,CAAC,CAAC,CAAC,CAAC,CAAC,GAAG,CAAC,EAAE;;AAEzB,CAAC,CAAC,CAAC,CAAC,CAAC,CAAC,GAAG,CAAC,EAAE,CAAC,EAAE,CAAC,KAAK,CAAC,GAAG,CAAC,KAAK,CAAC,CAAC,GAAG,CAAC,CAAC,CAAC,SAAS,CAAC,CAAC;AAClD,QAAQ,CAAC,QAAQ,CAAC,CAAC,CAAC;AACpB,CAAC,CAAC,MAAM,CAAC,YAAY,CAAC,OAAO,CAAC,CAAC,UAAU,CAAC;AAC1C;;AAEA,CAAC,CAAC;AACF,CAAC,CAAC,CAAC,KAAK,CAAC,IAAI,CAAC,GAAG,CAAC,WAAW;AAC7B,CAAC,CAAC,CAAC,CAAC,KAAK,CAAC,CAAC,MAAM,CAAC,CAAC,IAAI,CAAC,CAAC,CAAC,CAAC,CAAC,CAAC,CAAC,CAAC,CAAC,MAAM,CAAC,OAAO,CAAC,EAAE,CAAC,CAAC,CAAC,CAAC,WAAW;AAChE,CAAC,CAAC,CAAC,CAAC,KAAK,CAAC,CAAC,WAAW,CAAC,CAAC,OAAO,CAAC,CAAC,CAAC,OAAO,CAAC,KAAK,CAAC;AAChD,CAAC,CAAC,CAAC,CAAC,OAAO,CAAC,CAAC,OAAO,CAAC,QAAQ,CAAC;AAC9B,CAAC,CAAC;AACF,KAAK,CAAC,QAAQ,CAAC,QAAQ,CAAC,IAAI,CAAC,CAAC,OAAO,CAAC,CAAC,CAAC,CAAC,CAAC,CAAC,CAAC;AAC5C,CAAC,CAAC,KAAK,CAAC,KAAK,CAAC,CAAC,CAAC,QAAQ,CAAC;AACzB,CAAC,CAAC,KAAK,CAAC,OAAO,CAAC,CAAC,CAAC;AAClB,CAAC,CAAC,CAAC,CAAC,CAAC,OAAO,CAAC,IAAI,CAAC,CAAC,CAAC,CAAC,WAAW,CAAC,IAAI,CAAC;AACtC,CAAC,CAAC,CAAC,CAAC,CAAC,CAAC,CAAC,CAAC,KAAK,CAAC,CAAC,CAAC,CAAC,CAAC,CAAC,aAAa,CAAC,CAAC,CAAC,CAAC,MAAM,CAAC,CAAC,CAAC,KAAK,CAAC,CAAC,CAAC,CAAC,CAAC,CAAC,CAAC,CAAC,CAAC,CAAC;AAC5D,CAAC,CAAC,CAAC,CAAC,CAAC,CAAC,CAAC,CAAC,OAAO,CAAC,OAAO,CAAC,CAAC,CAAC,CAAC,CAAC,CAAC;AAC7B,CAAC,CAAC;AACF,CAAC,CAAC,MAAM,CAAC,KAAK,CAAC,CAAC,CAAC,CAAC,QAAQ,CAAC,CAAC,CAAC,IAAI,CAAC,CAAC,CAAC,CAAC,CAAC,CAAC,CAAC,CAAC,CAAC,OAAO,CAAC,CAAC,OAAO,CAAC,CAAC;AAC5D;;AAEA,CAAC,CAAC,CAAC,CAAC,CAAC,CAAC,IAAI,CAAC,CAAC,CAAC,CAAC,CAAC,CAAC,CAAC,CAAC,CAAC,CAAC,CAAC,CAAC,CAAC,CAAC,CAAC,CAAC,CAAC,CAAC,CAAC,CAAC,CAAC,CAAC,CAAC,CAAC,CAAC,CAAC,CAAC,CAAC,CAAC,CAAC,CAAC,CAAC,CAAC,CAAC,CAAC,CAAC,CAAC,CAAC,CAAC,CAAC,CAAC,CAAC,CAAC,CAAC,CAAC,CAAC,CAAC,CAAC,CAAC,CAAC,CAAC,CAAC,CAAC,CAAC,CAAC,CAAC,CAAC,CAAC,CAAC,CAAC,CAAC,CAAC,CAAC,CAAC,CAAC,CAAC;;AAE5E,MAAM,CAAC,KAAK,CAAC,QAAQ,CAAC,WAAW,CAAC,KAAK,CAAC,CAAC,QAAQ,CAAC,CAAC,
[...]
,EAAA,IAAA;YACA,CAAA,EAAA;UACA,CAAA,EAAA,IAAA,EAAA,CAAA,cAAA,CAAA;UACA,mBAAA,CAAA,QAAA,EAAA;YACA,EAAA,EAAA,IAAA;YACA,EAAA,EAAA,IAAA;YACA,CAAA,EAAA;UACA,CAAA,EAAA,IAAA,EAAA,CAAA,cAAA;QACA,CAAA,CAAA,CAAA,CAAA,CAAA,CAAA;QACA,CAAA,UAAA,CAAA,CAAA,EAAA,mBAAA,CAAA,KAAA,EAAA,WAAA,EAAA,CAAA,GAAA,CAAA,MAAA,CAAA,EAAA,EAAA,GAAA,CAAA,MAAA,CAAA,EAAA,EAAA,EAAA;UACA,mBAAA,CAAA,MAAA,EAAA,EAAA,CAAA,EAAA,yNAAA,CAAA,EAAA,IAAA,EAAA,CAAA,cAAA,CAAA;UACA,mBAAA,CAAA,QAAA,EAAA;YACA,EAAA,EAAA,GAAA;YACA,EAAA,EAAA,IAAA;YACA,CAAA,EAAA;UACA,CAAA,EAAA,IAAA,EAAA,CAAA,cAAA,CAAA;UACA,mBAAA,CAAA,QAAA,EAAA;YACA,EAAA,EAAA,IAAA;YACA,EAAA,EAAA,IAAA;YACA,CAAA,EAAA;UACA,CAAA,EAAA,IAAA,EAAA,CAAA,cAAA;QACA,CAAA,CAAA,CAAA,CAAA,CAAA,CAAA;QACA,CAAA,UAAA,CAAA,CAAA,EAAA,mBAAA,CAAA,KAAA,EAAA,WAAA,EAAA,CAAA,GAAA,CAAA,MAAA,CAAA,EAAA,EAAA,GAAA,CAAA,MAAA,CAAA,EAAA,EAAA,EAAA;UACA,mBAAA,CAAA,MAAA,EAAA,EAAA,CAAA,EAAA,yNAAA,CAAA,EAAA,IAAA,EAAA,CAAA,cAAA,CAAA;UACA,mBAAA,CAAA,QAAA,EAAA;YACA,EAAA,EAAA,GAAA;YACA,EAAA,EAAA,IAAA;YACA,CAAA,EAAA;UACA,CAAA,EAAA,IAAA,EAAA,CAAA,cAAA,CAAA;UACA,mBAAA,CAAA,QAAA,EAAA;YACA,EAAA,EAAA,IAAA;YACA,EAAA,EAAA,IAAA;YACA,CAAA,EAAA;UACA,CAAA,EAAA,IAAA,EAAA,CAAA,cAAA;QACA,CAAA,CAAA,CAAA,CAAA,CAAA,CAAA;QACA,mBAAA,CAAA,yBAAA,CAAA;QACA,CAAA,UAAA,CAAA,CAAA,EAAA,mBAAA,CAAA,KAAA,EAAA,WAAA,EAAA,CAAA,GAAA,CAAA,MAAA,CAAA,EAAA,EAAA,GAAA,CAAA,MAAA,CAAA,EAAA,EAAA,EAAA;UACA,mBAAA,CAAA,MAAA,EAAA,EAAA,CAAA,EAAA,kIAAA,CAAA,EAAA,IAAA,EAAA,CAAA,cAAA;QACA,CAAA,CAAA,CAAA,CAAA,CAAA,CAAA;QACA,CAAA,UAAA,CAAA,CAAA,EAAA,mBAAA,CAAA,KAAA,EAAA,WAAA,EAAA,CAAA,GAAA,CAAA,MAAA,CAAA,EAAA,EAAA,GAAA,CAAA,MAAA,CAAA,EAAA,EAAA,EAAA;UACA,mBAAA,CAAA,MAAA,EAAA,EAAA,CAAA,EAAA,kIAAA,CAAA,EAAA,IAAA,EAAA,CAAA,cAAA;QACA,CAAA,CAAA,CAAA,CAAA,CAAA,CAAA;QACA,CAAA,UAAA,CAAA,CAAA,EAAA,mBAAA,CAAA,KAAA,EAAA,WAAA,EAAA,CAAA,GAAA,CAAA,MAAA,CAAA,EAAA,EAAA,GAAA,CAAA,MAAA,CAAA,EAAA,EAAA,EAAA;UACA,mBAAA,CAAA,MAAA,EAAA,EAAA,CAAA,EAAA,kIAAA,CAAA,EAAA,IAAA,EAAA,CAAA,cAAA;QACA,CAAA,CAAA,CAAA,CAAA,CAAA,CAAA;QACA,CAAA,UAAA,CAAA,CAAA,EAAA,mBAAA,CAAA,KAAA,EAAA,WAAA,EAAA,CAAA,GAAA,CAAA,MAAA,CAAA,EAAA,EAAA,GAAA,CAAA,MAAA,CAAA,EAAA,EAAA,EAAA;UACA,mBAAA,CAAA,MAAA,EAAA,EAAA,CAAA,EAAA,kIAAA,CAAA,EAAA,IAAA,EAAA,CAAA,cAAA;QACA,CAAA,CAAA,CAAA,CAAA,CAAA,CAAA;QACA,CAAA,UAAA,CAAA,CAAA,EAAA,mBAAA,CAAA,KAAA,EAAA,WAAA,EAAA,CAAA,GAAA,CAAA,MAAA,CAAA,EAAA,EAAA,GAAA,CAAA,MAAA,CAAA,EAAA,EAAA,EAAA;UACA,mBAAA,CAAA,MAAA,EAAA,EAAA,CAAA,EAAA,kIAAA,CAAA,EAAA,IAAA,EAAA,CAAA,cAAA;QACA,CAAA,CAAA,CAAA,CAAA,CAAA,CAAA;QACA,CAAA,UAAA,CAAA,CAAA,EAAA,mBAAA,CAAA,KAAA,EAAA,WAAA,EAAA,CAAA,GAAA,CAAA,MAAA,CAAA,EAAA,EAAA,GAAA,CAAA,MAAA,CAAA,EAAA,EAAA,EAAA;UACA,mBAAA,CAAA,MAAA,EAAA,EAAA,CAAA,EAAA,kIAAA,CAAA,EAAA,IAAA,EAAA,CAAA,cAAA;QACA,CAAA,CAAA,CAAA,CAAA,CAAA,CAAA;QACA,CAAA,UAAA,CAAA,CAAA,EAAA,mBAAA,CAAA,KAAA,EAAA,WAAA,EAAA,CAAA,GAAA,CAAA,MAAA,CAAA,EAAA,EAAA,GAAA,CAAA,MAAA,CAAA,EAAA,EAAA,EAAA;UACA,mBAAA,CAAA,MAAA,EAAA,EAAA,CAAA,EAAA,kIAAA,CAAA,EAAA,IAAA,EAAA,CAAA,cAAA;QACA,CAAA,CAAA,CAAA,CAAA,CAAA,CAAA;QACA,CAAA,UAAA,CAAA,CAAA,EAAA,mBAAA,CAAA,KAAA,EAAA,WAAA,EAAA,CAAA,GAAA,CAAA,MAAA,CAAA,EAAA,EAAA,GAAA,CAAA,MAAA,CAAA,EAAA,EAAA,EAAA;UACA,mBAAA,CAAA,MAAA,EAAA,EAAA,CAAA,EAAA,kIAAA,CAAA,EAAA,IAAA,EAAA,CAAA,cAAA;QACA,CAAA,CAAA,CAAA,CAAA,CAAA,CAAA;QACA,mBAAA,CAAA,wBAAA,CAAA;QACA,MAAA,CAAA,EAAA,EAAA,GAAA,CAAA,MAAA,CAAA,EAAA,EAAA,EAAA,kBAAA,CAAA,u0DAAA,EAAA,EAAA,CAAA;MACA,CAAA,CAAA;MACA,mBAAA,CAAA,+BAAA,CAAA;MACA,mBAAA,CAAA,OAAA,EAAA,WAAA,EAAA;QACA,MAAA,CAAA,EAAA,EAAA,GAAA,CAAA,MAAA,CAAA,EAAA,EAAA,EAAA,kBAAA,CAAA,g5CAAA,EAAA,CAAA,CAAA,CAAA;QACA,mBAAA,CAAA,sBAAA,CAAA;QACA,mBAAA,CAAA,KAAA,EAAA,WAAA,EAAA;UACA,mBAAA,CAAA,QAAA,EAAA;YACA,KAAA,EAAA,eAAA,CAAA,CAAA,uBAAA,EAAA,MAAA,CAAA,UAAA,IAAA,SAAA,EAAA,SAAA,EAAA,EAAA,CAAA,CAAA;YACA,OAAA,EAAA,MAAA,CAAA,CAAA,EAAA,GAAA,CAAA,MAAA,CAAA,CAAA,EAAA,EAAA,OAAA,GAAA,CAAA,MAAA,CAAA,MAAA,CAAA,QAAA,CAAA,CAAA;UACA,CAAA,EAAA;YACA,YAAA,CAAA,MAAA,CAAA,YAAA,CAAA,EAAA,EAAA,IAAA,EAAA,KAAA,CAAA,CAAA;YACA,MAAA,CAAA,EAAA,EAAA,GAAA,CAAA,MAAA,CAAA,EAAA,EAAA,EAAA,gBAAA,CAAA,qBAAA,EAAA,CAAA,cAAA,CAAA;UACA,CAAA,EAAA,aAAA,CAAA;UACA,mBAAA,CAAA,QAAA,EAAA;YACA,KAAA,EAAA,eAAA,CAAA,CAAA,SAAA,EAAA,MAAA,CAAA,UAAA,IAAA,UAAA,EAAA,SAAA,EAAA,EAAA,CAAA,CAAA;YACA,OAAA,EAAA,MAAA,CAAA,CAAA,EAAA,GAAA,CAAA,MAAA,CAAA,CAAA,EAAA,EAAA,OAAA,GAAA,CAAA,MAAA,CAAA,MAAA,CAAA,SAAA,CAAA,CAAA;UACA,CAAA,EAAA;YACA,YAAA,CAAA,MAAA,CAAA,WAAA,CAAA,EAAA,EAAA,IAAA,EAAA,KAAA,CAAA,CAAA;YACA,MAAA,CAAA,EAAA,EAAA,GAAA,CAAA,MAAA,CAAA,EAAA,EAAA,EAAA,gBAAA,CAAA,eAAA,EAAA,CAAA,cAAA,CAAA;UACA,CAAA,EAAA,aAAA,CAAA;UACA,mBAAA,CAAA,QAAA,EAAA;YACA,KAAA,EAAA,eAAA,CAAA,CAAA,SAAA,EAAA,MAAA,CAAA,UAAA,IAAA,UAAA,EAAA,SAAA,EAAA,EAAA,CAAA,CAAA;YACA,OAAA,EAAA,MAAA,CAAA,CAAA,EAAA,GAAA,CAAA,MAAA,CAAA,CAAA,EAAA,EAAA,OAAA,GAAA,CAAA,MAAA,CAAA,MAAA,CAAA,SAAA,CAAA,CAAA;UACA,CAAA,EAAA;YACA,YAAA,CAAA,MAAA,CAAA,KAAA,CAAA,EAAA,EAAA,IAAA,EAAA,KAAA,CAAA,CAAA;YACA,MAAA,CAAA,EAAA,EAAA,GAAA,CAAA,MAAA,CAAA,EAAA,EAAA,EAAA,gBAAA,CAAA,gBAAA,EAAA,CAAA,cAAA,CAAA;UACA,CAAA,EAAA,aAAA,CAAA;UACA,CAAA,MAAA,CAAA,WAAA;YACA,EAAA,CAAA,UAAA,CAAA,CAAA,EAAA,mBAAA,CAAA,QAAA,EAAA;gBACA,GAAA,EAAA,CAAA;gBACA,KAAA,EAAA,eAAA,CAAA,CAAA,SAAA,EAAA,MAAA,CAAA,UAAA,IAAA,QAAA,EAAA,SAAA,EAAA,EAAA,CAAA,CAAA;gBACA,OAAA,EAAA,MAAA,CAAA,CAAA,EAAA,GAAA,CAAA,MAAA,CAAA,CAAA,EAAA,EAAA,OAAA,GAAA,CAAA,MAAA,CAAA,MAAA,CAAA,OAAA,CAAA,CAAA;cACA,CAAA,EAAA;gBACA,YAAA,CAAA,MAAA,CAAA,UAAA,CAAA,EAAA;kBACA,IAAA,EAAA,IAAA;kBACA,KAAA,EAAA;gBACA,CAAA,CAAA;gBACA,MAAA,CAAA,EAAA,EAAA,GAAA,CAAA,MAAA,CAAA,EAAA,EAAA,EAAA,gBAAA,CAAA,mBAAA,EAAA,CAAA,cAAA,CAAA;cACA,CAAA,EAAA,aAAA,CAAA;YACA,EAAA,mBAAA,CAAA,MAAA,EAAA,IAAA,CAAA;UACA,CAAA,MAAA,CAAA,WAAA;YACA,EAAA,CAAA,UAAA,CAAA,CAAA,EAAA,mBAAA,CAAA,QAAA,EAAA;gBACA,GAAA,EAAA,CAAA;gBACA,KAAA,EAAA,mBAAA;gBACA,OAAA,EAAA,MAAA,CAAA,CAAA,EAAA,GAAA,CAAA,MAAA,CAAA,CAAA,EAAA,EAAA,OAAA,GAAA,CAAA,MAAA,CAAA,iBAAA,EAAA,IAAA,CAAA;cACA,CAAA,EAAA;gBACA,YAAA,CAAA,MAAA,CAAA,UAAA,CAAA,EAAA,EAAA,IAAA,EAAA,KAAA,CAAA,CAAA;gBACA,MAAA,CAAA,EAAA,EAAA,GAAA,CAAA,MAAA,CAAA,EAAA,EAAA,EAAA,gBAAA,CAAA,mBAAA,EAAA,CAAA,cAAA,CAAA;cACA,CAAA,CAAA;YACA,EAAA,mBAAA,CAAA,MAAA,EAAA,IAAA;QACA,CAAA,CAAA;QACA,mBAAA,CAAA,+CAAA,CAAA;QACA,mBAAA,CAAA,KAAA,EAAA,WAAA,EAAA;UACA,mBAAA,CAAA,GAAA,EAAA,WAAA,EAAA;YACA,YAAA,CAAA,MAAA,CAAA,aAAA,CAAA,EAAA;cACA,IAAA,EAAA,IAAA;cACA,KAAA,EAAA;YACA,CAAA,CAAA;YACA,MAAA,CAAA,EAAA,EAAA,GAAA,CAAA,MAAA,CAAA,EAAA,EAAA,EAAA,mBAAA,CAAA,MAAA,EAAA,EAAA,KAAA,EAAA,aAAA,CAAA,EAAA,YAAA,EAAA,CAAA,cAAA,CAAA,CAAA;YACA,YAAA,CAAA,MAAA,CAAA,cAAA,CAAA,EAAA,EAAA,IAAA,EAAA,KAAA,CAAA;UACA,CAAA,CAAA;UACA,mBAAA,CAAA,KAAA,EAAA,WAAA,EAAA;YACA,mBAAA,CAAA,2BAAA,CAAA;YACA,mBAAA,CAAA,QAAA,EAAA;cACA,KAAA,EAAA,2CAAA;cACA,OAAA,EAAA,MAAA,CAAA,CAAA,EAAA,GAAA,CAAA,MAAA,CAAA,CAAA,EAAA,EAAA,CAAA,GAAA,IAAA,EAAA,GAAA,CAAA,MAAA,CAAA,YAAA,GAAA,MAAA,CAAA,WAAA,CAAA,GAAA,IAAA,CAAA,CAAA,CAAA;cACA,KAAA,EAAA,MAAA,CAAA,aAAA,IAAA,QAAA,EAAA,yBAAA,EAAA,uBAAA;cACA,YAAA,EAAA,MAAA,CAAA,aAAA,IAAA,QAAA,EAAA,yBAAA,EAAA;YACA,CAAA,EAAA;cACA,CAAA,MAAA,CAAA,aAAA,IAAA,OAAA;gBACA,EAAA,CAAA,UAAA,CAAA,CAAA,EAAA,YAAA,CAAA,MAAA,CAAA,KAAA,CAAA,EAAA;oBACA,GAAA,EAAA,CAAA;oBACA,IAAA,EAAA,IAAA;oBACA,KAAA,EAAA;kBACA,CAAA,CAAA;gBACA,EAAA,CAAA,UAAA,CAAA,CAAA,EAAA,YAAA,CAAA,MAAA,CAAA,MAAA,CAAA,EAAA;oBACA,GAAA,EAAA,CAAA;oBACA,IAAA,EAAA,IAAA;oBACA,KAAA,EAAA;kBACA,CAAA,CAAA;YACA,CAAA,EAAA,aAAA,EAAA,WAAA;UACA,CAAA,CAAA;UACA,mBAAA,CAAA,4BAAA,CAAA;UACA,mBAAA,CAAA,KAAA,EAAA,WAAA,EAAA;YACA,CAAA,MAAA,CAAA,WAAA;cACA,EAAA,CAAA,UAAA,CAAA,CAAA,EAAA,mBAAA,CAAA,KAAA,EAAA,WAAA,EAAA;kBACA,mBAAA,CAAA,KAAA,EAAA,WAAA,EAAA;oBACA,mBAAA,CAAA,KAAA,EAAA,WAAA,EAAA,gBAAA,CAAA,MAAA,CAAA,WAAA,CAAA,IAAA,CAAA,MAAA,CAAA,CAAA,CAAA,CAAA,EAAA,YAAA,CAAA;oBACA,mBAAA,CAAA,KAAA,EAAA,WAAA,EAAA;sBACA,mBAAA,CAAA,KAAA,EAAA,WAAA,EAAA,gBAAA,CAAA,MAAA,CAAA,WAAA,CAAA,IAAA,CAAA,EAAA,YAAA;oBACA,CAAA;kBACA,CAAA,CAAA;kBACA,mBAAA,CAAA,QAAA,EAAA;oBACA,KAAA,EAAA,uCAAA;oBACA,OAAA,EAAA,MAAA,CAAA,MAAA;oBACA,KAAA,EAAA,gBAAA;oBACA,YAAA,EAAA;kBACA,CAAA,EAAA;oBACA,YAAA,CAAA,MAAA,CAAA,QAAA,CAAA,EAAA,EAAA,IAAA,EAAA,KAAA,CAAA;kBACA,CAAA;gBACA,CAAA,CAAA;cACA,EAAA,CAAA,UAAA,CAAA,CAAA,EAAA,mBAAA,CAAA,QAAA,EAAA;kBACA,GAAA,EAAA,CAAA;kBACA,KAAA,EAAA,+DAAA;kBACA,OAAA,EAAA,MAAA,CAAA;gBACA,CAAA,EAAA;kBACA,YAAA,CAAA,MAAA,CAAA,MAAA,CAAA,EAAA,EAAA,IAAA,EAAA,KAAA,CAAA,CAAA;kBACA,MAAA,CAAA,EAAA,EAAA,GAAA,CAAA,MAAA,CAAA,EAAA,EAAA,EAAA,mBAAA,CAAA,MAAA,EAAA,EAAA,KAAA,EAAA,YAAA,CAAA,EAAA,eAAA,EAAA,CAAA,cAAA,CAAA;gBACA,CAAA,CAAA;UACA,CAAA;QACA,CAAA;MACA,CAAA,CAAA;MACA,mBAAA,CAAA,4BAAA,CAAA;MACA,mBAAA,CAAA,MAAA,EAAA,WAAA,EAAA;QACA,mBAAA,CAAA,KAAA,EAAA,WAAA,EAAA;UACA,mBAAA,CAAA,KAAA,EAAA,WAAA,EAAA;YACA,YAAA,CAAA,WAAA,EAAA;cACA,IAAA,EAAA,MAAA;cACA,IAAA,EAAA;YACA,CAAA,EAAA;cACA,OAAA,EAAA,QAAA,CAAA,CAAA,EAAA,GAAA;gBACA,CAAA,UAAA,CAAA,CAAA,EAAA,mBAAA,CAAA,KAAA,EAAA,EAAA,GAAA,EAAA,MAAA,CAAA,UAAA,CAAA,EAAA;kBACA,CAAA,MAAA,CAAA,UAAA,IAAA,QAAA;oBACA,EAAA,CAAA,UAAA,CAAA,CAAA,EAAA,YAAA,CAAA,MAAA,CAAA,iBAAA,CAAA,EAAA;wBACA,GAAA,EAAA,CAAA;wBACA,gBAAA,EAAA,MAAA,CAAA,gBAAA;wBACA,WAAA,EAAA,MAAA,CAAA,WAAA;wBACA,WAAA,EAAA,MAAA,CAAA;sBACA,CAAA,EAAA,IAAA,EAAA,aAAA,EAAA,CAAA,kBAAA,EAAA,aAAA,EAAA,aAAA,CAAA,CAAA;oBACA,EAAA,CAAA,MAAA,CAAA,UAAA,IAAA,SAAA;sBACA,EAAA,CAAA,UAAA,CAAA,CAAA,EAAA,YAAA,CAAA,MAAA,CAAA,mBAAA,CAAA,EAAA;0BACA,GAAA,EAAA,CAAA;0BACA,WAAA,EAAA,MAAA,CAAA,WAAA;0BACA,YAAA,EAAA,MAAA,CAAA,YAAA;0BACA,iBAAA,EAAA,MAAA,CAAA;wBACA,CAAA,EAAA,IAAA,EAAA,aAAA,EAAA,CAAA,aAAA,EAAA,cAAA,EAAA,mBAAA,CAAA,CAAA;sBACA,EAAA,CAAA,MAAA,CAAA,UAAA,IAAA,SAAA;wBACA,EAAA,CAAA,UAAA,CAAA,CAAA,EAAA,YAAA,CAAA,MAAA,CAAA,gBAAA,CAAA,EAAA;4BACA,GAAA,EAAA,CAAA;4BACA,WAAA,EAAA,MAAA,CAAA,WAAA;4BACA,WAAA,EAAA,MAAA,CAAA,iBAAA;4BACA,eAAA,EAAA,MAAA,CAAA,CAAA,EAAA,GAAA,CAAA,MAAA,CAAA,CAAA,EAAA,EAAA,OAAA,GAAA,CAAA,MAAA,CAAA,MAAA,CAAA,QAAA,CAAA,CAAA;0BACA,CAAA,EAAA,IAAA,EAAA,aAAA,EAAA,CAAA,aAAA,EAAA,aAAA,CAAA,CAAA;wBACA,EAAA,CAAA,MAAA,CAAA,UAAA,IAAA,QAAA,GAAA,MAAA,CAAA,WAAA;0BACA,EAAA,CAAA,UAAA,CAAA,CAAA,EAAA,YAAA,CAAA,MAAA,CAAA,kBAAA,CAAA,EAAA;8BACA,GAAA,EAAA,CAAA;8BACA,WAAA,EAAA,MAAA,CAAA,WAAA;8BACA,gBAAA,EAAA,MAAA,CAAA;4BACA,CAAA,EAAA,IAAA,EAAA,aAAA,EAAA,CAAA,aAAA,CAAA,CAAA;0BACA,EAAA,mBAAA,CAAA,MAAA,EAAA,IAAA;gBACA,CAAA,CAAA;cACA,CAAA,CAAA;cACA,CAAA,EAAA;YACA,CAAA;UACA,CAAA,CAAA;UACA,mBAAA,CAAA,kBAAA,CAAA;UACA,MAAA,CAAA,EAAA,EAAA,GAAA,CAAA,MAAA,CAAA,EAAA,EAAA,EAAA,mBAAA,CAAA,QAAA,EAAA;YACA,KAAA,EAAA,wEAAA;YACA,KAAA,EAAA,CAAA,eAAA,CAAA,MAAA;UACA,CAAA,EAAA;YACA,mBAAA,CAAA,GAAA,EAAA,IAAA,EAAA,yCAAA;UACA,CAAA,EAAA,CAAA,cAAA,CAAA;QACA,CAAA;MACA,CAAA,CAAA;MACA,mBAAA,CAAA,wCAAA,CAAA;MACA,mBAAA,CAAA,OAAA,EAAA,WAAA,EAAA;QACA,mBAAA,CAAA,KAAA,EAAA,WAAA,EAAA;UACA,mBAAA,CAAA,IAAA,EAAA,WAAA,EAAA;YACA,YAAA,CAAA,MAAA,CAAA,UAAA,CAAA,EAAA,EAAA,IAAA,EAAA,KAAA,CAAA,CAAA;YACA,MAAA,CAAA,EAAA,EAAA,GAAA,CAAA,MAAA,CAAA,EAAA,EAAA,EAAA,gBAAA,CAAA,qBAAA,EAAA,CAAA,cAAA,CAAA;UACA,CAAA,CAAA;UACA,mBAAA,CAAA,IAAA,EAAA,WAAA,EAAA;YACA,mBAAA,CAAA,IAAA,EAAA,WAAA,EAAA;cACA,YAAA,CAAA,MAAA,CAAA,OAAA,CAAA,EAAA;gBACA,IAAA,EAAA,IAAA;gBACA,KAAA,EAAA;cACA,CAAA,CAAA;cACA,MAAA,CAAA,EAAA,EAAA,GAAA,CAAA,MAAA,CAAA,EAAA,EAAA,EAAA,mBAAA,CAAA,MAAA,EAAA,EAAA,KAAA,EAAA,CAAA,aAAA,CAAA,KAAA,EAAA,CAAA,EAAA,uEAAA,EAAA,CAAA,cAAA,CAAA;YACA,CAAA,CAAA;YACA,mBAAA,CAAA,IAAA,EAAA,WAAA,EAAA;cACA,YAAA,CAAA,MAAA,CAAA,OAAA,CAAA,EAAA;gBACA,IAAA,EAAA,IAAA;gBACA,KAAA,EAAA;cACA,CAAA,CAAA;cACA,MAAA,CAAA,EAAA,EAAA,GAAA,CAAA,MAAA,CAAA,EAAA,EAAA,EAAA,mBAAA,CAAA,MAAA,EAAA,EAAA,KAAA,EAAA,CAAA,aAAA,CAAA,KAAA,EAAA,CAAA,EAAA,sEAAA,EAAA,CAAA,cAAA,CAAA;YACA,CAAA,CAAA;YACA,mBAAA,CAAA,IAAA,EAAA,WAAA,EAAA;cACA,YAAA,CAAA,MAAA,CAAA,OAAA,CAAA,EAAA;gBACA,IAAA,EAAA,IAAA;gBACA,KAAA,EAAA;cACA,CAAA,CAAA;cACA,MAAA,CAAA,EAAA,EAAA,GAAA,CAAA,MAAA,CAAA,EAAA,EAAA,EAAA,mBAAA,CAAA,MAAA,EAAA,EAAA,KAAA,EAAA,CAAA,aAAA,CAAA,KAAA,EAAA,CAAA,EAAA,8CAAA,EAAA,CAAA,cAAA,CAAA;YACA,CAAA;UACA,CAAA;QACA,CAAA,CAAA;QACA,CAAA,MAAA,CAAA,WAAA;UACA,EAAA,CAAA,UAAA,CAAA,CAAA,EAAA,mBAAA,CAAA,KAAA,EAAA,WAAA,EAAA,CAAA,GAAA,CAAA,MAAA,CAAA,EAAA,EAAA,GAAA,CAAA,MAAA,CAAA,EAAA,EAAA,EAAA;cACA,kBAAA,CAAA,sVAAA,EAAA,CAAA;YACA,CAAA,CAAA,CAAA,CAAA,CAAA;UACA,EAAA,mBAAA,CAAA,MAAA,EAAA,IAAA;MACA,CAAA;IACA,CAAA,CAAA;IACA,mBAAA,CAAA,mEAAA,CAAA;IACA,mBAAA,CAAA,KAAA,EAAA,WAAA,EAAA;MACA,mBAAA,CAAA,QAAA,EAAA;QACA,KAAA,EAAA,eAAA,CAAA,CAAA,gBAAA,EAAA,MAAA,CAAA,UAAA,IAAA,SAAA,EAAA,SAAA,EAAA,EAAA,CAAA,CAAA;QACA,OAAA,EAAA,MAAA,CAAA,CAAA,EAAA,GAAA,CAAA,MAAA,CAAA,CAAA,EAAA,EAAA,OAAA,GAAA,CAAA,MAAA,CAAA,MAAA,CAAA,QAAA,CAAA,CAAA,CAAA;QACA,KAAA,EAAA,mBAAA;QACA,YAAA,EAAA;MACA,CAAA,EAAA;QACA,YAAA,CAAA,MAAA,CAAA,YAAA,CAAA,EAAA,EAAA,IAAA,EAAA,KAAA,CAAA;MACA,CAAA,EAAA,aAAA,CAAA;MACA,mBAAA,CAAA,QAAA,EAAA;QACA,KAAA,EAAA,eAAA,CAAA,CAAA,gBAAA,EAAA,MAAA,CAAA,UAAA,IAAA,UAAA,EAAA,SAAA,EAAA,EAAA,CAAA,CAAA;QACA,OAAA,EAAA,MAAA,CAAA,CAAA,EAAA,GAAA,CAAA,MAAA,CAAA,CAAA,EAAA,EAAA,OAAA,GAAA,CAAA,MAAA,CAAA,MAAA,CAAA,SAAA,CAAA,CAAA,CAAA;QACA,KAAA,EAAA,aAAA;QACA,YAAA,EAAA;MACA,CAAA,EAAA;QACA,YAAA,CAAA,MAAA,CAAA,WAAA,CAAA,EAAA,EAAA,IAAA,EAAA,KAAA,CAAA;MACA,CAAA,EAAA,aAAA,CAAA;MACA,mBAAA,CAAA,QAAA,EAAA;QACA,KAAA,EAAA,eAAA,CAAA,CAAA,gBAAA,EAAA,MAAA,CAAA,UAAA,IAAA,UAAA,EAAA,SAAA,EAAA,EAAA,CAAA,CAAA;QACA,OAAA,EAAA,MAAA,CAAA,CAAA,EAAA,GAAA,CAAA,MAAA,CAAA,CAAA,EAAA,EAAA,OAAA,GAAA,CAAA,MAAA,CAAA,MAAA,CAAA,SAAA,CAAA,CAAA,CAAA;QACA,KAAA,EAAA,cAAA;QACA,YAAA,EAAA;MACA,CAAA,EAAA;QACA,YAAA,CAAA,MAAA,CAAA,KAAA,CAAA,EAAA,EAAA,IAAA,EAAA,KAAA,CAAA;MACA,CAAA,EAAA,aAAA,CAAA;MACA,CAAA,MAAA,CAAA,WAAA;QACA,EAAA,CAAA,UAAA,CAAA,CAAA,EAAA,mBAAA,CAAA,SAAA,EAAA,EAAA,GAAA,EAAA,EAAA,CAAA,EAAA;YACA,mBAAA,CAAA,QAAA,EAAA;cACA,KAAA,EAAA,gBAAA;cACA,OAAA,EAAA,MAAA,CAAA,EAAA,EAAA,GAAA,CAAA,MAAA,CAAA,EAAA,EAAA,EAAA,OAAA,GAAA,CAAA,MAAA,CAAA,iBAAA,EAAA,IAAA,CAAA,CAAA;cACA,KAAA,EAAA,iBAAA;cACA,YAAA,EAAA;YACA,CAAA,EAAA;cACA,YAAA,CAAA,MAAA,CAAA,UAAA,CAAA,EAAA,EAAA,IAAA,EAAA,KAAA,CAAA;YACA,CAAA,CAAA;YACA,mBAAA,CAAA,QAAA,EAAA;cACA,KAAA,EAAA,eAAA,CAAA,CAAA,gBAAA,EAAA,MAAA,CAAA,UAAA,IAAA,QAAA,EAAA,SAAA,EAAA,EAAA,CAAA,CAAA;cACA,OAAA,EAAA,MAAA,CAAA,EAAA,EAAA,GAAA,CAAA,MAAA,CAAA,EAAA,EAAA,EAAA,OAAA,GAAA,CAAA,MAAA,CAAA,MAAA,CAAA,OAAA,CAAA,CAAA,CAAA;cACA,KAAA,EAAA,iBAAA;cACA,YAAA,EAAA;YACA,CAAA,EAAA;cACA,YAAA,CAAA,MAAA,CAAA,UAAA,CAAA,EAAA,EAAA,IAAA,EAAA,KAAA,CAAA;YACA,CAAA,EAAA,aAAA;UACA,CAAA,EAAA,wBAAA,CAAA;QACA,EAAA,mBAAA,CAAA,MAAA,EAAA,IAAA;IACA,CAAA,CAAA;IACA,mBAAA,CAAA,KAAA,EAAA,IAAA,EAAA;MACA,mBAAA,CAAA,+CAAA,CAAA;MACA,CAAA,MAAA,CAAA,aAAA;QACA,EAAA,CAAA,UAAA,CAAA,CAAA,EAAA,mBAAA,CAAA,KAAA,EAAA,WAAA,EAAA;YACA,mBAAA,CAAA,KAAA,EAAA,WAAA,EAAA;cACA,mBAAA,CAAA,QAAA,EAAA;gBACA,KAAA,EAAA,oDAAA;gBACA,OAAA,EAAA,MAAA,CAAA,SAAA;gBACA,YAAA,EAAA;cACA,CAAA,EAAA;gBACA,YAAA,CAAA,MAAA,CAAA,GAAA,CAAA,EAAA,EAAA,IAAA,EAAA,KAAA,CAAA;cACA,CAAA,CAAA;cACA,mBAAA,CAAA,IAAA,EAAA,WAAA,EAAA,gBAAA,CAAA,MAAA,CAAA,WAAA,EAAA,yBAAA,EAAA,yBAAA,CAAA,EAAA,YAAA,CAAA;cACA,mBAAA,CAAA,GAAA,EAAA,WAAA,EAAA,gBAAA,CAAA,MAAA,CAAA,WAAA,EAAA,gEAAA,EAAA,sEAAA,CAAA,EAAA,YAAA,CAAA;cACA,mBAAA,CAAA,KAAA,EAAA,WAAA,EAAA;gBACA,CAAA,MAAA,CAAA,UAAA;kBACA,EAAA,CAAA,UAAA,CAAA,CAAA,EAAA,mBAAA,CAAA,KAAA,EAAA,WAAA,EAAA;sBACA,MAAA,CAAA,EAAA,EAAA,GAAA,CAAA,MAAA,CAAA,EAAA,EAAA,EAAA,mBAAA,CAAA,OAAA,EAAA,EAAA,KAAA,EAAA,aAAA,CAAA,EAAA,aAAA,EAAA,CAAA,cAAA,CAAA,CAAA;sBACA,eAAA,CAAA,mBAAA,CAAA,OAAA,EAAA;wBACA,qBAAA,EAAA,MAAA,CAAA,EAAA,EAAA,GAAA,CAAA,MAAA,CAAA,EAAA,EAAA,EAAA,OAAA,GAAA,CAAA,CAAA,MAAA,CAAA,QAAA,EAAA,EAAA,MAAA,CAAA,CAAA;wBACA,IAAA,EAAA,MAAA;wBACA,KAAA,EAAA,cAAA;wBACA,WAAA,EAAA,kBAAA;wBACA,QAAA,EAAA;sBACA,CAAA,EAAA,IAAA,EAAA,oBAAA,CAAA,EAAA;wBACA,CAAA,WAAA,EAAA,MAAA,CAAA,QAAA;sBACA,CAAA;oBACA,CAAA,CAAA;kBACA,EAAA,mBAAA,CAAA,MAAA,EAAA,IAAA,CAAA;gBACA,mBAAA,CAAA,KAAA,EAAA,WAAA,EAAA;kBACA,MAAA,CAAA,EAAA,EAAA,GAAA,CAAA,MAAA,CAAA,EAAA,EAAA,EAAA,mBAAA,CAAA,OAAA,EAAA,EAAA,KAAA,EAAA,aAAA,CAAA,EAAA,eAAA,EAAA,CAAA,cAAA,CAAA,CAAA;kBACA,mBAAA,CAAA,KAAA,EAAA,WAAA,EAAA;oBACA,eAAA,CAAA,mBAAA,CAAA,OAAA,EAAA;sBACA,qBAAA,EAAA,MAAA,CAAA,EAAA,EAAA,GAAA,CAAA,MAAA,CAAA,EAAA,EAAA,EAAA,OAAA,GAAA,CAAA,CAAA,MAAA,CAAA,SAAA,EAAA,EAAA,MAAA,CAAA,CAAA;sBACA,IAAA,EAAA,OAAA;sBACA,KAAA,EAAA,cAAA;sBACA,WAAA,EAAA,mBAAA;sBACA,QAAA,EAAA;oBACA,CAAA,EAAA,IAAA,EAAA,oBAAA,CAAA,EAAA;sBACA,CAAA,WAAA,EAAA,MAAA,CAAA,SAAA;oBACA,CAAA;kBACA,CAAA;gBACA,CAAA,CAAA;gBACA,mBAAA,CAAA,KAAA,EAAA,WAAA,EAAA;kBACA,MAAA,CAAA,EAAA,EAAA,GAAA,CAAA,MAAA,CAAA,EAAA,EAAA,EAAA,mBAAA,CAAA,OAAA,EAAA,EAAA,KAAA,EAAA,aAAA,CAAA,EAAA,cAAA,EAAA,CAAA,cAAA,CAAA,CAAA;kBACA,mBAAA,CAAA,KAAA,EAAA,WAAA,EAAA;oBACA,eAAA,CAAA,mBAAA,CAAA,OAAA,EAAA;sBACA,qBAAA,EAAA,MAAA,CAAA,EAAA,EAAA,GAAA,CAAA,MAAA,CAAA,EAAA,EAAA,EAAA,OAAA,GAAA,CAAA,CAAA,MAAA,CAAA,YAAA,EAAA,EAAA,MAAA,CAAA,CAAA;sBACA,IAAA,EAAA,UAAA;sBACA,KAAA,EAAA,cAAA;sBACA,WAAA,EAAA,UAAA;sBACA,QAAA,EAAA;oBACA,CAAA,EAAA,IAAA,EAAA,oBAAA,CAAA,EAAA;sBACA,CAAA,WAAA,EAAA,MAAA,CAAA,YAAA;oBACA,CAAA;kBACA,CAAA;gBACA,CAAA,CAAA;gBACA,mBAAA,CAAA,oBAAA,CAAA;gBACA,CAAA,MAAA,CAAA,SAAA;kBACA,EAAA,CAAA,UAAA,CAAA,CAAA,EAAA,mBAAA,CAAA,KAAA,EAAA,WAAA,EAAA,gBAAA,CAAA,MAAA,CAAA,SAAA,CAAA,EAAA,YAAA,CAAA;kBACA,EAAA,mBAAA,CAAA,MAAA,EAAA,IAAA,CAAA;gBACA,mBAAA,CAAA,QAAA,EAAA;kBACA,KAAA,EAAA,4BAAA;kBACA,OAAA,EAAA,MAAA,CAAA,UAAA;kBACA,QAAA,EAAA,MAAA,CAAA;gBACA,CAAA,EAAA;kBACA,mBAAA,CAAA,MAAA,EAAA,IAAA,EAAA,gBAAA,CAAA,MAAA,CAAA,YAAA,EAAA,eAAA,EAAA,CAAA,MAAA,CAAA,WAAA,EAAA,mBAAA,EAAA,cAAA,CAAA,CAAA,EAAA,YAAA,CAAA;kBACA,YAAA,CAAA,MAAA,CAAA,MAAA,CAAA,EAAA,EAAA,IAAA,EAAA,KAAA,CAAA;gBACA,CAAA,EAAA,aAAA,EAAA,WAAA,CAAA;gBACA,mBAAA,CAAA,qBAAA,CAAA;gBACA,MAAA,CAAA,EAAA,EAAA,GAAA,CAAA,MAAA,CAAA,EAAA,EAAA,EAAA,mBAAA,CAAA,KAAA,EAAA,EAAA,KAAA,EAAA,wDAAA,CAAA,EAAA;kBACA,mBAAA,CAAA,MAAA,EAAA;oBACA,KAAA,EAAA,8BAAA;oBACA,KAAA,EAAA,CAAA,QAAA,CAAA,KAAA;kBACA,CAAA,CAAA;kBACA,mBAAA,CAAA,MAAA,EAAA,IAAA,EAAA,IAAA,CAAA;kBACA,mBAAA,CAAA,MAAA,EAAA;oBACA,KAAA,EAAA,8BAAA;oBACA,KAAA,EAAA,CAAA,QAAA,CAAA,KAAA;kBACA,CAAA;gBACA,CAAA,EAAA,CAAA,cAAA,CAAA,CAAA;gBACA,mBAAA,CAAA,mDAAA,CAAA;gBACA,MAAA,CAAA,EAAA,EAAA,GAAA,CAAA,MAAA,CAAA,EAAA,EAAA,EAAA,mBAAA,CAAA,KAAA,EAAA;kBACA,EAAA,EAAA,mBAAA;kBACA,KAAA,EAAA,wBAAA;kBACA,KAAA,EAAA,CAAA,YAAA,CAAA,MAAA;gBACA,CAAA,EAAA,IAAA,EAAA,CAAA,cAAA,CAAA,CAAA;gBACA,mBAAA,CAAA,KAAA,EAAA,WAAA,EAAA;kBACA,CAAA,MAAA,CAAA,UAAA;oBACA,EAAA,CAAA,UAAA,CAAA,CAAA,EAAA,mBAAA,CAAA,MAAA,EAAA,WAAA,EAAA,gBAAA,CAAA;oBACA,EAAA,CAAA,UAAA,CAAA,CAAA,EAAA,mBAAA,CAAA,MAAA,EAAA,WAAA,EAAA,yBAAA,CAAA,CAAA;kBACA,mBAAA,CAAA,QAAA,EAAA;oBACA,KAAA,EAAA,wCAAA;oBACA,OAAA,EAAA,MAAA,CAAA,EAAA,EAAA,GAAA,CAAA,MAAA,CAAA,EAAA,EAAA,EAAA,OAAA,GAAA,CAAA,MAAA,CAAA,WAAA,EAAA,CAAA,MAAA,CAAA,UAAA,CAAA;kBACA,CAAA,EAAA,gBAAA,CAAA,MAAA,CAAA,WAAA,EAAA,eAAA,EAAA,iBAAA,CAAA,EAAA,YAAA;gBACA,CAAA;cACA,CAAA;YACA,CAAA;UACA,CAAA,CAAA;QACA,EAAA,mBAAA,CAAA,MAAA,EAAA,IAAA,CAAA;MACA,mBAAA,CAAA,sCAAA,CAAA;MACA,YAAA,CAAA,MAAA,CAAA,kBAAA,CAAA,EAAA;QACA,IAAA,EAAA,MAAA,CAAA,gBAAA;QACA,QAAA,EAAA,MAAA,CAAA,YAAA;QACA,OAAA,EAAA,MAAA,CAAA,EAAA,EAAA,GAAA,CAAA,MAAA,CAAA,EAAA,EAAA,EAAA,OAAA,GAAA,CAAA,MAAA,CAAA,iBAAA,EAAA,KAAA,CAAA,CAAA;QACA,iBAAA,EAAA,MAAA,CAAA;MACA,CAAA,EAAA,IAAA,EAAA,aAAA,EAAA,CAAA,MAAA,EAAA,UAAA,CAAA,CAAA;MACA,mBAAA,CAAA,4FAAA;IACA,CAAA;EACA,CAAA,EAAA,wBAAA,CAAA;AACA;;;AAGA,OAAA;;AAEA,SAAA,CAAA,QAAA,EAAA;AACA,OAAA,oBAAA,IAAA,YAAA,GAAA,mBAAA,CAAA,YAAA,CAAA,SAAA,CAAA,OAAA,EAAA,SAAA;AACA,MAAA,CAAA,IAAA,CAAA,GAAA,CAAA,EAAA,CAAA,cAAA,EAAA,CAAA,EAAA,KAAA,CAAA,EAAA,GAAA;EACA,mBAAA,CAAA,aAAA,EAAA;AACA,CAAA;AACA,MAAA,CAAA,IAAA,CAAA,GAAA,CAAA,MAAA,CAAA,IAAA,GAAA;EACA,GAAA,CAAA,CAAA,GAAA,EAAA;EACA,MAAA,EAAA,OAAA,EAAA,OAAA,EAAA,eAAA,EAAA,EAAA;EACA,GAAA,CAAA,cAAA,EAAA;IACA,mBAAA,CAAA,QAAA,CAAA,OAAA,CAAA,OAAA,EAAA,OAAA,CAAA,MAAA;EACA,EAAA,KAAA;IACA,mBAAA,CAAA,MAAA,CAAA,OAAA,CAAA,OAAA,EAAA,OAAA;EACA;AACA,CAAA;AACA,OAAA,YAAA,KAAA;AACA,OAAA,qBAAA,WAAA,CAAA,SAAA,EAAA,CAAA,CAAA,QAAA,CAAA,WAAA,CAAA,CAAA,CAAA,QAAA,CAAA,gEAAA,CAAA,CAAA"},"_coverageSchema":"1a1c01bbd47fc00a2c39e90264f33305004495a9","hash":"92749a76f32287f3585bd7d22deef4e7c167dff8"},"/Users/williamsmodeste/Documents/DEV/ecoswitch-ihm/src/main.js":{"path":"/Users/williamsmodeste/Documents/DEV/ecoswitch-ihm/src/main.js","statementMap":{"0":{"start":{"line":5,"column":0},"end":{"line":5,"column":28}}},"fnMap":{},"branchMap":{},"s":{"0":1},"f":{},"b":{},"inputSourceMap":{"version":3,"sources":["/Users/williamsmodeste/Documents/DEV/ecoswitch-ihm/src/main.js"],"names":[],"mappings":"AAAA,MAAM,CAAC,CAAC,CAAC,SAAS,CAAC,CAAC,CAAC,IAAI,CAAC,CAAC,GAAG;AAC9B,MAAM,CAAC,CAAC,CAAC,CAAC,KAAK,CAAC,GAAG;AACnB,MAAM,CAAC,GAAG,CAAC,IAAI,CAAC,CAAC,CAAC,CAAC,GAAG,CAAC,GAAG;;AAE1B,SAAS,CAAC,GAAG,CAAC,CAAC,KAAK,CAAC,CAAC,CAAC,GAAG,CAAC;"},"_coverageSchema":"1a1c01bbd47fc00a2c39e90264f33305004495a9","hash":"d85bebdf655f4c38c1f83ed8d3e3329addb2ab6b"}}